# JRE version: OpenJDK Runtime Environment (21.0.8) (build 21.0.8+-14018985-b1038.68)
# Java VM: OpenJDK 64-Bit Server VM (21.0.8+-14018985-b1038.68, mixed mode, tiered, compressed oops, compressed class ptrs, g1 gc, windows-amd64)
GC Precious Log:
 CardTable entry size: 512
 Card Set container configuration: InlinePtr #cards 4 size 8 Array Of Cards #cards 16 size 48 Howl #buckets 8 coarsen threshold 3686 Howl Bitmap #cards 512 size 80 coarsen threshold 460 Card regions per heap region 1 cards per card region 4096
 CPUs: 8 total, 8 available
 Memory: 7916M
 Large Page Support: Disabled
 NUMA Support: Disabled
 Compressed Oops: Enabled (Zero based)
 Heap Region Size: 2M
 Heap Min Capacity: 8M
 Heap Initial Capacity: 124M
 Heap Max Capacity: 4G
 Pre-touch: Disabled
 Parallel Workers: 8
 Concurrent Workers: 2
 Concurrent Refinement Workers: 8
 Periodic GC: Disabled
Heap:
 garbage-first heap   total 178176K, used 116736K [0x0000000700000000, 0x0000000800000000)
  region size 2048K, 6 young (12288K), 4 survivors (8192K)
 Metaspace       used 114102K, committed 116288K, reserved 983040K
  class space    used 16215K, committed 17280K, reserved 851968K
GC Heap History (20 events):
Event: 37.544 GC heap before
{Heap before GC invocations=38 (full 0):
 garbage-first heap   total 141312K, used 121512K [0x0000000700000000, 0x0000000800000000)
  region size 2048K, 20 young (40960K), 2 survivors (4096K)
 Metaspace       used 87634K, committed 89472K, reserved 983040K
  class space    used 12208K, committed 13056K, reserved 851968K
}
Event: 37.548 GC heap after
{Heap after GC invocations=39 (full 0):
 garbage-first heap   total 141312K, used 88508K [0x0000000700000000, 0x0000000800000000)
  region size 2048K, 3 young (6144K), 3 survivors (6144K)
 Metaspace       used 87634K, committed 89472K, reserved 983040K
  class space    used 12208K, committed 13056K, reserved 851968K
}
Event: 43.012 GC heap before
{Heap before GC invocations=40 (full 0):
 garbage-first heap   total 151552K, used 123324K [0x0000000700000000, 0x0000000800000000)
  region size 2048K, 20 young (40960K), 3 survivors (6144K)
 Metaspace       used 91410K, committed 93312K, reserved 983040K
  class space    used 12717K, committed 13632K, reserved 851968K
}
Event: 43.017 GC heap after
{Heap after GC invocations=41 (full 0):
 garbage-first heap   total 151552K, used 90229K [0x0000000700000000, 0x0000000800000000)
  region size 2048K, 2 young (4096K), 2 survivors (4096K)
 Metaspace       used 91410K, committed 93312K, reserved 983040K
  class space    used 12717K, committed 13632K, reserved 851968K
}
Event: 44.534 GC heap before
{Heap before GC invocations=41 (full 0):
 garbage-first heap   total 151552K, used 139381K [0x0000000700000000, 0x0000000800000000)
  region size 2048K, 24 young (49152K), 2 survivors (4096K)
 Metaspace       used 94212K, committed 96192K, reserved 983040K
  class space    used 13125K, committed 14080K, reserved 851968K
}
Event: 44.540 GC heap after
{Heap after GC invocations=42 (full 0):
 garbage-first heap   total 151552K, used 96514K [0x0000000700000000, 0x0000000800000000)
  region size 2048K, 3 young (6144K), 3 survivors (6144K)
 Metaspace       used 94212K, committed 96192K, reserved 983040K
  class space    used 13125K, committed 14080K, reserved 851968K
}
Event: 45.084 GC heap before
{Heap before GC invocations=42 (full 0):
 garbage-first heap   total 151552K, used 133378K [0x0000000700000000, 0x0000000800000000)
  region size 2048K, 21 young (43008K), 3 survivors (6144K)
 Metaspace       used 94954K, committed 96896K, reserved 983040K
  class space    used 13217K, committed 14144K, reserved 851968K
}
Event: 45.089 GC heap after
{Heap after GC invocations=43 (full 0):
 garbage-first heap   total 151552K, used 99539K [0x0000000700000000, 0x0000000800000000)
  region size 2048K, 3 young (6144K), 3 survivors (6144K)
 Metaspace       used 94954K, committed 96896K, reserved 983040K
  class space    used 13217K, committed 14144K, reserved 851968K
}
Event: 45.976 GC heap before
{Heap before GC invocations=44 (full 0):
 garbage-first heap   total 167936K, used 132307K [0x0000000700000000, 0x0000000800000000)
  region size 2048K, 20 young (40960K), 3 survivors (6144K)
 Metaspace       used 97426K, committed 99392K, reserved 983040K
  class space    used 13594K, committed 14528K, reserved 851968K
}
Event: 45.981 GC heap after
{Heap after GC invocations=45 (full 0):
 garbage-first heap   total 167936K, used 102635K [0x0000000700000000, 0x0000000800000000)
  region size 2048K, 2 young (4096K), 2 survivors (4096K)
 Metaspace       used 97426K, committed 99392K, reserved 983040K
  class space    used 13594K, committed 14528K, reserved 851968K
}
Event: 47.915 GC heap before
{Heap before GC invocations=45 (full 0):
 garbage-first heap   total 167936K, used 151787K [0x0000000700000000, 0x0000000800000000)
  region size 2048K, 26 young (53248K), 2 survivors (4096K)
 Metaspace       used 101399K, committed 103424K, reserved 983040K
  class space    used 14309K, committed 15296K, reserved 851968K
}
Event: 47.921 GC heap after
{Heap after GC invocations=46 (full 0):
 garbage-first heap   total 167936K, used 101738K [0x0000000700000000, 0x0000000800000000)
  region size 2048K, 2 young (4096K), 2 survivors (4096K)
 Metaspace       used 101399K, committed 103424K, reserved 983040K
  class space    used 14309K, committed 15296K, reserved 851968K
}
Event: 49.847 GC heap before
{Heap before GC invocations=46 (full 0):
 garbage-first heap   total 167936K, used 150890K [0x0000000700000000, 0x0000000800000000)
  region size 2048K, 26 young (53248K), 2 survivors (4096K)
 Metaspace       used 104798K, committed 106880K, reserved 983040K
  class space    used 14823K, committed 15808K, reserved 851968K
}
Event: 49.852 GC heap after
{Heap after GC invocations=47 (full 0):
 garbage-first heap   total 167936K, used 103966K [0x0000000700000000, 0x0000000800000000)
  region size 2048K, 3 young (6144K), 3 survivors (6144K)
 Metaspace       used 104798K, committed 106880K, reserved 983040K
  class space    used 14823K, committed 15808K, reserved 851968K
}
Event: 52.046 GC heap before
{Heap before GC invocations=48 (full 0):
 garbage-first heap   total 178176K, used 149022K [0x0000000700000000, 0x0000000800000000)
  region size 2048K, 25 young (51200K), 3 survivors (6144K)
 Metaspace       used 107853K, committed 109952K, reserved 983040K
  class space    used 15352K, committed 16384K, reserved 851968K
}
Event: 52.053 GC heap after
{Heap after GC invocations=49 (full 0):
 garbage-first heap   total 178176K, used 106627K [0x0000000700000000, 0x0000000800000000)
  region size 2048K, 4 young (8192K), 4 survivors (8192K)
 Metaspace       used 107853K, committed 109952K, reserved 983040K
  class space    used 15352K, committed 16384K, reserved 851968K
}
Event: 55.193 GC heap before
{Heap before GC invocations=49 (full 0):
 garbage-first heap   total 178176K, used 157827K [0x0000000700000000, 0x0000000800000000)
  region size 2048K, 29 young (59392K), 4 survivors (8192K)
 Metaspace       used 112510K, committed 114624K, reserved 983040K
  class space    used 15999K, committed 17024K, reserved 851968K
}
Event: 55.203 GC heap after
{Heap after GC invocations=50 (full 0):
 garbage-first heap   total 178176K, used 108859K [0x0000000700000000, 0x0000000800000000)
  region size 2048K, 3 young (6144K), 3 survivors (6144K)
 Metaspace       used 112510K, committed 114624K, reserved 983040K
  class space    used 15999K, committed 17024K, reserved 851968K
}
Event: 56.716 GC heap before
{Heap before GC invocations=50 (full 0):
 garbage-first heap   total 178176K, used 160059K [0x0000000700000000, 0x0000000800000000)
  region size 2048K, 28 young (57344K), 3 survivors (6144K)
 Metaspace       used 114095K, committed 116288K, reserved 983040K
  class space    used 16215K, committed 17280K, reserved 851968K
}
Event: 56.732 GC heap after
{Heap after GC invocations=51 (full 0):
 garbage-first heap   total 178176K, used 114688K [0x0000000700000000, 0x0000000800000000)
  region size 2048K, 4 young (8192K), 4 survivors (8192K)
 Metaspace       used 114095K, committed 116288K, reserved 983040K
  class space    used 16215K, committed 17280K, reserved 851968K
}

