# JRE version: OpenJDK Runtime Environment (21.0.8) (build 21.0.8+-14018985-b1038.68)
# Java VM: OpenJDK 64-Bit Server VM (21.0.8+-14018985-b1038.68, mixed mode, tiered, compressed oops, compressed class ptrs, g1 gc, windows-amd64)
GC Precious Log:
 CardTable entry size: 512
 Card Set container configuration: InlinePtr #cards 5 size 8 Array Of Cards #cards 12 size 40 Howl #buckets 4 coarsen threshold 1843 Howl Bitmap #cards 512 size 80 coarsen threshold 460 Card regions per heap region 1 cards per card region 2048
 CPUs: 8 total, 8 available
 Memory: 7916M
 Large Page Support: Disabled
 NUMA Support: Disabled
 Compressed Oops: Enabled (32-bit)
 Heap Region Size: 1M
 Heap Min Capacity: 8M
 Heap Initial Capacity: 124M
 Heap Max Capacity: 2G
 Pre-touch: Disabled
 Parallel Workers: 8
 Concurrent Workers: 2
 Concurrent Refinement Workers: 8
 Periodic GC: Disabled
Heap:
 garbage-first heap   total 153600K, used 102804K [0x0000000080000000, 0x0000000100000000)
  region size 1024K, 10 young (10240K), 1 survivors (1024K)
 Metaspace       used 59696K, committed 61248K, reserved 1114112K
  class space    used 8287K, committed 9024K, reserved 1048576K
GC Heap History (20 events):
Event: 4.186 GC heap before
{Heap before GC invocations=6 (full 0):
 garbage-first heap   total 83968K, used 64654K [0x0000000080000000, 0x0000000100000000)
  region size 1024K, 47 young (48128K), 7 survivors (7168K)
 Metaspace       used 35211K, committed 35968K, reserved 1114112K
  class space    used 4908K, committed 5248K, reserved 1048576K
}
Event: 4.191 GC heap after
{Heap after GC invocations=7 (full 0):
 garbage-first heap   total 83968K, used 26475K [0x0000000080000000, 0x0000000100000000)
  region size 1024K, 6 young (6144K), 6 survivors (6144K)
 Metaspace       used 35211K, committed 35968K, reserved 1114112K
  class space    used 4908K, committed 5248K, reserved 1048576K
}
Event: 4.200 GC heap before
{Heap before GC invocations=7 (full 0):
 garbage-first heap   total 83968K, used 27499K [0x0000000080000000, 0x0000000100000000)
  region size 1024K, 8 young (8192K), 6 survivors (6144K)
 Metaspace       used 35236K, committed 35968K, reserved 1114112K
  class space    used 4913K, committed 5248K, reserved 1048576K
}
Event: 4.203 GC heap after
{Heap after GC invocations=8 (full 0):
 garbage-first heap   total 83968K, used 27636K [0x0000000080000000, 0x0000000100000000)
  region size 1024K, 1 young (1024K), 1 survivors (1024K)
 Metaspace       used 35236K, committed 35968K, reserved 1114112K
  class space    used 4913K, committed 5248K, reserved 1048576K
}
Event: 6.636 GC heap before
{Heap before GC invocations=9 (full 0):
 garbage-first heap   total 83968K, used 82932K [0x0000000080000000, 0x0000000100000000)
  region size 1024K, 28 young (28672K), 1 survivors (1024K)
 Metaspace       used 38147K, committed 39040K, reserved 1114112K
  class space    used 5347K, committed 5760K, reserved 1048576K
}
Event: 6.643 GC heap after
{Heap after GC invocations=10 (full 0):
 garbage-first heap   total 109568K, used 62117K [0x0000000080000000, 0x0000000100000000)
  region size 1024K, 6 young (6144K), 6 survivors (6144K)
 Metaspace       used 38147K, committed 39040K, reserved 1114112K
  class space    used 5347K, committed 5760K, reserved 1048576K
}
Event: 7.215 GC heap before
{Heap before GC invocations=10 (full 0):
 garbage-first heap   total 109568K, used 94885K [0x0000000080000000, 0x0000000100000000)
  region size 1024K, 38 young (38912K), 6 survivors (6144K)
 Metaspace       used 42227K, committed 43456K, reserved 1114112K
  class space    used 6058K, committed 6656K, reserved 1048576K
}
Event: 7.220 GC heap after
{Heap after GC invocations=11 (full 0):
 garbage-first heap   total 109568K, used 63980K [0x0000000080000000, 0x0000000100000000)
  region size 1024K, 2 young (2048K), 2 survivors (2048K)
 Metaspace       used 42227K, committed 43456K, reserved 1114112K
  class space    used 6058K, committed 6656K, reserved 1048576K
}
Event: 8.189 GC heap before
{Heap before GC invocations=11 (full 0):
 garbage-first heap   total 109568K, used 95724K [0x0000000080000000, 0x0000000100000000)
  region size 1024K, 34 young (34816K), 2 survivors (2048K)
 Metaspace       used 49118K, committed 50432K, reserved 1114112K
  class space    used 6925K, committed 7552K, reserved 1048576K
}
Event: 8.194 GC heap after
{Heap after GC invocations=12 (full 0):
 garbage-first heap   total 109568K, used 67304K [0x0000000080000000, 0x0000000100000000)
  region size 1024K, 5 young (5120K), 5 survivors (5120K)
 Metaspace       used 49118K, committed 50432K, reserved 1114112K
  class space    used 6925K, committed 7552K, reserved 1048576K
}
Event: 8.509 GC heap before
{Heap before GC invocations=13 (full 0):
 garbage-first heap   total 112640K, used 103144K [0x0000000080000000, 0x0000000100000000)
  region size 1024K, 35 young (35840K), 5 survivors (5120K)
 Metaspace       used 51020K, committed 52288K, reserved 1114112K
  class space    used 7063K, committed 7616K, reserved 1048576K
}
Event: 8.515 GC heap after
{Heap after GC invocations=14 (full 0):
 garbage-first heap   total 112640K, used 70744K [0x0000000080000000, 0x0000000100000000)
  region size 1024K, 4 young (4096K), 4 survivors (4096K)
 Metaspace       used 51020K, committed 52288K, reserved 1114112K
  class space    used 7063K, committed 7616K, reserved 1048576K
}
Event: 9.030 GC heap before
{Heap before GC invocations=14 (full 0):
 garbage-first heap   total 112640K, used 101464K [0x0000000080000000, 0x0000000100000000)
  region size 1024K, 34 young (34816K), 4 survivors (4096K)
 Metaspace       used 54919K, committed 56320K, reserved 1114112K
  class space    used 7688K, committed 8320K, reserved 1048576K
}
Event: 9.034 GC heap after
{Heap after GC invocations=15 (full 0):
 garbage-first heap   total 112640K, used 71550K [0x0000000080000000, 0x0000000100000000)
  region size 1024K, 3 young (3072K), 3 survivors (3072K)
 Metaspace       used 54919K, committed 56320K, reserved 1114112K
  class space    used 7688K, committed 8320K, reserved 1048576K
}
Event: 9.394 GC heap before
{Heap before GC invocations=15 (full 0):
 garbage-first heap   total 112640K, used 89982K [0x0000000080000000, 0x0000000100000000)
  region size 1024K, 23 young (23552K), 3 survivors (3072K)
 Metaspace       used 56905K, committed 58432K, reserved 1114112K
  class space    used 8039K, committed 8768K, reserved 1048576K
}
Event: 9.398 GC heap after
{Heap after GC invocations=16 (full 0):
 garbage-first heap   total 112640K, used 73558K [0x0000000080000000, 0x0000000100000000)
  region size 1024K, 5 young (5120K), 5 survivors (5120K)
 Metaspace       used 56905K, committed 58432K, reserved 1114112K
  class space    used 8039K, committed 8768K, reserved 1048576K
}
Event: 9.922 GC heap before
{Heap before GC invocations=17 (full 0):
 garbage-first heap   total 128000K, used 114518K [0x0000000080000000, 0x0000000100000000)
  region size 1024K, 30 young (30720K), 5 survivors (5120K)
 Metaspace       used 57955K, committed 59456K, reserved 1114112K
  class space    used 8150K, committed 8896K, reserved 1048576K
}
Event: 9.927 GC heap after
{Heap after GC invocations=18 (full 0):
 garbage-first heap   total 128000K, used 94208K [0x0000000080000000, 0x0000000100000000)
  region size 1024K, 4 young (4096K), 4 survivors (4096K)
 Metaspace       used 57955K, committed 59456K, reserved 1114112K
  class space    used 8150K, committed 8896K, reserved 1048576K
}
Event: 10.100 GC heap before
{Heap before GC invocations=18 (full 0):
 garbage-first heap   total 128000K, used 117760K [0x0000000080000000, 0x0000000100000000)
  region size 1024K, 26 young (26624K), 4 survivors (4096K)
 Metaspace       used 59674K, committed 61248K, reserved 1114112K
  class space    used 8283K, committed 9024K, reserved 1048576K
}
Event: 10.104 GC heap after
{Heap after GC invocations=19 (full 0):
 garbage-first heap   total 153600K, used 94612K [0x0000000080000000, 0x0000000100000000)
  region size 1024K, 1 young (1024K), 1 survivors (1024K)
 Metaspace       used 59674K, committed 61248K, reserved 1114112K
  class space    used 8283K, committed 9024K, reserved 1048576K
}

