# JRE version: Java(TM) SE Runtime Environment (17.0.8+9) (build 17.0.8+9-LTS-211)
# Java VM: Java HotSpot(TM) 64-Bit Server VM (17.0.8+9-LTS-211, mixed mode, sharing, tiered, compressed oops, compressed class ptrs, g1 gc, windows-amd64)
GC Precious Log:
 CPUs: 8 total, 8 available
 Memory: 7916M
 Large Page Support: Disabled
 NUMA Support: Disabled
 Compressed Oops: Enabled (Zero based)
 Heap Region Size: 2M
 Heap Min Capacity: 8M
 Heap Initial Capacity: 124M
 Heap Max Capacity: 2560M
 Pre-touch: Disabled
 Parallel Workers: 8
 Concurrent Workers: 2
 Concurrent Refinement Workers: 8
 Periodic GC: Disabled
Heap:
 garbage-first heap   total 315392K, used 188077K [0x0000000515400000, 0x00000005b5400000)
  region size 2048K, 2 young (4096K), 2 survivors (4096K)
 Metaspace       used 103205K, committed 104128K, reserved 557056K
  class space    used 14190K, committed 14656K, reserved 425984K
GC Heap History (20 events):
Event: 92.560 GC heap after
{Heap after GC invocations=49 (full 0):
 garbage-first heap   total 161792K, used 125358K [0x0000000515400000, 0x00000005b5400000)
  region size 2048K, 1 young (2048K), 1 survivors (2048K)
 Metaspace       used 99502K, committed 100416K, reserved 557056K
  class space    used 13805K, committed 14272K, reserved 425984K
}
Event: 93.200 GC heap before
{Heap before GC invocations=49 (full 0):
 garbage-first heap   total 161792K, used 135598K [0x0000000515400000, 0x00000005b5400000)
  region size 2048K, 7 young (14336K), 1 survivors (2048K)
 Metaspace       used 99519K, committed 100416K, reserved 557056K
  class space    used 13805K, committed 14272K, reserved 425984K
}
Event: 93.202 GC heap after
{Heap after GC invocations=50 (full 0):
 garbage-first heap   total 161792K, used 126399K [0x0000000515400000, 0x00000005b5400000)
  region size 2048K, 1 young (2048K), 1 survivors (2048K)
 Metaspace       used 99519K, committed 100416K, reserved 557056K
  class space    used 13805K, committed 14272K, reserved 425984K
}
Event: 93.420 GC heap before
{Heap before GC invocations=50 (full 0):
 garbage-first heap   total 161792K, used 138687K [0x0000000515400000, 0x00000005b5400000)
  region size 2048K, 7 young (14336K), 1 survivors (2048K)
 Metaspace       used 99526K, committed 100416K, reserved 557056K
  class space    used 13805K, committed 14272K, reserved 425984K
}
Event: 93.422 GC heap after
{Heap after GC invocations=51 (full 0):
 garbage-first heap   total 161792K, used 127347K [0x0000000515400000, 0x00000005b5400000)
  region size 2048K, 1 young (2048K), 1 survivors (2048K)
 Metaspace       used 99526K, committed 100416K, reserved 557056K
  class space    used 13805K, committed 14272K, reserved 425984K
}
Event: 93.505 GC heap before
{Heap before GC invocations=51 (full 0):
 garbage-first heap   total 161792K, used 137587K [0x0000000515400000, 0x00000005b5400000)
  region size 2048K, 6 young (12288K), 1 survivors (2048K)
 Metaspace       used 99528K, committed 100416K, reserved 557056K
  class space    used 13805K, committed 14272K, reserved 425984K
}
Event: 93.512 GC heap after
{Heap after GC invocations=52 (full 0):
 garbage-first heap   total 194560K, used 128316K [0x0000000515400000, 0x00000005b5400000)
  region size 2048K, 1 young (2048K), 1 survivors (2048K)
 Metaspace       used 99528K, committed 100416K, reserved 557056K
  class space    used 13805K, committed 14272K, reserved 425984K
}
Event: 93.915 GC heap before
{Heap before GC invocations=53 (full 0):
 garbage-first heap   total 243712K, used 154940K [0x0000000515400000, 0x00000005b5400000)
  region size 2048K, 15 young (30720K), 1 survivors (2048K)
 Metaspace       used 100937K, committed 101888K, reserved 557056K
  class space    used 13968K, committed 14464K, reserved 425984K
}
Event: 93.919 GC heap after
{Heap after GC invocations=54 (full 0):
 garbage-first heap   total 243712K, used 129898K [0x0000000515400000, 0x00000005b5400000)
  region size 2048K, 2 young (4096K), 2 survivors (4096K)
 Metaspace       used 100937K, committed 101888K, reserved 557056K
  class space    used 13968K, committed 14464K, reserved 425984K
}
Event: 94.038 GC heap before
{Heap before GC invocations=54 (full 0):
 garbage-first heap   total 243712K, used 133994K [0x0000000515400000, 0x00000005b5400000)
  region size 2048K, 5 young (10240K), 2 survivors (4096K)
 Metaspace       used 101192K, committed 102080K, reserved 557056K
  class space    used 14023K, committed 14464K, reserved 425984K
}
Event: 94.043 GC heap after
{Heap after GC invocations=55 (full 0):
 garbage-first heap   total 243712K, used 127261K [0x0000000515400000, 0x00000005b5400000)
  region size 2048K, 1 young (2048K), 1 survivors (2048K)
 Metaspace       used 101192K, committed 102080K, reserved 557056K
  class space    used 14023K, committed 14464K, reserved 425984K
}
Event: 96.686 GC heap before
{Heap before GC invocations=55 (full 0):
 garbage-first heap   total 243712K, used 192797K [0x0000000515400000, 0x00000005b5400000)
  region size 2048K, 34 young (69632K), 1 survivors (2048K)
 Metaspace       used 103025K, committed 103936K, reserved 557056K
  class space    used 14186K, committed 14656K, reserved 425984K
}
Event: 96.695 GC heap after
{Heap after GC invocations=56 (full 0):
 garbage-first heap   total 243712K, used 134576K [0x0000000515400000, 0x00000005b5400000)
  region size 2048K, 5 young (10240K), 5 survivors (10240K)
 Metaspace       used 103025K, committed 103936K, reserved 557056K
  class space    used 14186K, committed 14656K, reserved 425984K
}
Event: 99.729 GC heap before
{Heap before GC invocations=56 (full 0):
 garbage-first heap   total 243712K, used 193968K [0x0000000515400000, 0x00000005b5400000)
  region size 2048K, 35 young (71680K), 5 survivors (10240K)
 Metaspace       used 103179K, committed 104064K, reserved 557056K
  class space    used 14186K, committed 14656K, reserved 425984K
}
Event: 99.741 GC heap after
{Heap after GC invocations=57 (full 0):
 garbage-first heap   total 243712K, used 149662K [0x0000000515400000, 0x00000005b5400000)
  region size 2048K, 5 young (10240K), 5 survivors (10240K)
 Metaspace       used 103179K, committed 104064K, reserved 557056K
  class space    used 14186K, committed 14656K, reserved 425984K
}
Event: 100.373 GC heap before
{Heap before GC invocations=57 (full 0):
 garbage-first heap   total 243712K, used 198814K [0x0000000515400000, 0x00000005b5400000)
  region size 2048K, 27 young (55296K), 5 survivors (10240K)
 Metaspace       used 103193K, committed 104128K, reserved 557056K
  class space    used 14186K, committed 14656K, reserved 425984K
}
Event: 100.389 GC heap after
{Heap after GC invocations=58 (full 0):
 garbage-first heap   total 243712K, used 174822K [0x0000000515400000, 0x00000005b5400000)
  region size 2048K, 4 young (8192K), 4 survivors (8192K)
 Metaspace       used 103193K, committed 104128K, reserved 557056K
  class space    used 14186K, committed 14656K, reserved 425984K
}
Event: 100.855 GC heap before
{Heap before GC invocations=58 (full 0):
 garbage-first heap   total 243712K, used 195302K [0x0000000515400000, 0x00000005b5400000)
  region size 2048K, 14 young (28672K), 4 survivors (8192K)
 Metaspace       used 103200K, committed 104128K, reserved 557056K
  class space    used 14188K, committed 14656K, reserved 425984K
}
Event: 100.863 GC heap after
{Heap after GC invocations=59 (full 0):
 garbage-first heap   total 243712K, used 180724K [0x0000000515400000, 0x00000005b5400000)
  region size 2048K, 2 young (4096K), 2 survivors (4096K)
 Metaspace       used 103200K, committed 104128K, reserved 557056K
  class space    used 14188K, committed 14656K, reserved 425984K
}
Event: 103.399 GC heap before
{Heap before GC invocations=60 (full 0):
 garbage-first heap   total 315392K, used 199156K [0x0000000515400000, 0x00000005b5400000)
  region size 2048K, 11 young (22528K), 2 survivors (4096K)
 Metaspace       used 103205K, committed 104128K, reserved 557056K
  class space    used 14190K, committed 14656K, reserved 425984K
}

