# JRE version: OpenJDK Runtime Environment (21.0.8) (build 21.0.8+-14018985-b1038.68)
# Java VM: OpenJDK 64-Bit Server VM (21.0.8+-14018985-b1038.68, mixed mode, tiered, compressed oops, compressed class ptrs, g1 gc, windows-amd64)
GC Precious Log:
 CardTable entry size: 512
 Card Set container configuration: InlinePtr #cards 4 size 8 Array Of Cards #cards 16 size 48 Howl #buckets 8 coarsen threshold 3686 Howl Bitmap #cards 512 size 80 coarsen threshold 460 Card regions per heap region 1 cards per card region 4096
 CPUs: 8 total, 8 available
 Memory: 7916M
 Large Page Support: Disabled
 NUMA Support: Disabled
 Compressed Oops: Enabled (Zero based)
 Heap Region Size: 2M
 Heap Min Capacity: 8M
 Heap Initial Capacity: 124M
 Heap Max Capacity: 4G
 Pre-touch: Disabled
 Parallel Workers: 8
 Concurrent Workers: 2
 Concurrent Refinement Workers: 8
 Periodic GC: Disabled
Heap:
 garbage-first heap   total 141312K, used 111920K [0x0000000700000000, 0x0000000800000000)
  region size 2048K, 17 young (34816K), 1 survivors (2048K)
 Metaspace       used 82608K, committed 84480K, reserved 983040K
  class space    used 11511K, committed 12416K, reserved 851968K
GC Heap History (20 events):
Event: 56.113 GC heap before
{Heap before GC invocations=23 (full 0):
 garbage-first heap   total 96256K, used 71995K [0x0000000700000000, 0x0000000800000000)
  region size 2048K, 10 young (20480K), 2 survivors (4096K)
 Metaspace       used 72220K, committed 73856K, reserved 917504K
  class space    used 10170K, committed 10944K, reserved 851968K
}
Event: 56.116 GC heap after
{Heap after GC invocations=24 (full 0):
 garbage-first heap   total 96256K, used 56304K [0x0000000700000000, 0x0000000800000000)
  region size 2048K, 2 young (4096K), 2 survivors (4096K)
 Metaspace       used 72220K, committed 73856K, reserved 917504K
  class space    used 10170K, committed 10944K, reserved 851968K
}
Event: 56.482 GC heap before
{Heap before GC invocations=24 (full 0):
 garbage-first heap   total 96256K, used 82928K [0x0000000700000000, 0x0000000800000000)
  region size 2048K, 16 young (32768K), 2 survivors (4096K)
 Metaspace       used 72396K, committed 74048K, reserved 917504K
  class space    used 10170K, committed 10944K, reserved 851968K
}
Event: 56.487 GC heap after
{Heap after GC invocations=25 (full 0):
 garbage-first heap   total 96256K, used 55168K [0x0000000700000000, 0x0000000800000000)
  region size 2048K, 2 young (4096K), 2 survivors (4096K)
 Metaspace       used 72396K, committed 74048K, reserved 917504K
  class space    used 10170K, committed 10944K, reserved 851968K
}
Event: 56.722 GC heap before
{Heap before GC invocations=25 (full 0):
 garbage-first heap   total 96256K, used 81792K [0x0000000700000000, 0x0000000800000000)
  region size 2048K, 16 young (32768K), 2 survivors (4096K)
 Metaspace       used 72433K, committed 74112K, reserved 917504K
  class space    used 10170K, committed 10944K, reserved 851968K
}
Event: 56.726 GC heap after
{Heap after GC invocations=26 (full 0):
 garbage-first heap   total 96256K, used 55905K [0x0000000700000000, 0x0000000800000000)
  region size 2048K, 2 young (4096K), 2 survivors (4096K)
 Metaspace       used 72433K, committed 74112K, reserved 917504K
  class space    used 10170K, committed 10944K, reserved 851968K
}
Event: 56.938 GC heap before
{Heap before GC invocations=27 (full 0):
 garbage-first heap   total 96256K, used 84577K [0x0000000700000000, 0x0000000800000000)
  region size 2048K, 16 young (32768K), 2 survivors (4096K)
 Metaspace       used 72442K, committed 74112K, reserved 917504K
  class space    used 10171K, committed 10944K, reserved 851968K
}
Event: 56.942 GC heap after
{Heap after GC invocations=28 (full 0):
 garbage-first heap   total 96256K, used 56275K [0x0000000700000000, 0x0000000800000000)
  region size 2048K, 2 young (4096K), 2 survivors (4096K)
 Metaspace       used 72442K, committed 74112K, reserved 917504K
  class space    used 10171K, committed 10944K, reserved 851968K
}
Event: 57.116 GC heap before
{Heap before GC invocations=28 (full 0):
 garbage-first heap   total 96256K, used 84947K [0x0000000700000000, 0x0000000800000000)
  region size 2048K, 16 young (32768K), 2 survivors (4096K)
 Metaspace       used 72446K, committed 74112K, reserved 917504K
  class space    used 10171K, committed 10944K, reserved 851968K
}
Event: 57.122 GC heap after
{Heap after GC invocations=29 (full 0):
 garbage-first heap   total 116736K, used 56577K [0x0000000700000000, 0x0000000800000000)
  region size 2048K, 2 young (4096K), 2 survivors (4096K)
 Metaspace       used 72446K, committed 74112K, reserved 917504K
  class space    used 10171K, committed 10944K, reserved 851968K
}
Event: 57.642 GC heap before
{Heap before GC invocations=29 (full 0):
 garbage-first heap   total 116736K, used 79105K [0x0000000700000000, 0x0000000800000000)
  region size 2048K, 14 young (28672K), 2 survivors (4096K)
 Metaspace       used 72875K, committed 74560K, reserved 917504K
  class space    used 10229K, committed 11072K, reserved 851968K
}
Event: 57.647 GC heap after
{Heap after GC invocations=30 (full 0):
 garbage-first heap   total 116736K, used 64349K [0x0000000700000000, 0x0000000800000000)
  region size 2048K, 4 young (8192K), 4 survivors (8192K)
 Metaspace       used 72875K, committed 74560K, reserved 917504K
  class space    used 10229K, committed 11072K, reserved 851968K
}
Event: 58.355 GC heap before
{Heap before GC invocations=31 (full 0):
 garbage-first heap   total 116736K, used 101213K [0x0000000700000000, 0x0000000800000000)
  region size 2048K, 20 young (40960K), 4 survivors (8192K)
 Metaspace       used 73415K, committed 75136K, reserved 917504K
  class space    used 10305K, committed 11136K, reserved 851968K
}
Event: 58.361 GC heap after
{Heap after GC invocations=32 (full 0):
 garbage-first heap   total 120832K, used 78770K [0x0000000700000000, 0x0000000800000000)
  region size 2048K, 3 young (6144K), 3 survivors (6144K)
 Metaspace       used 73415K, committed 75136K, reserved 917504K
  class space    used 10305K, committed 11136K, reserved 851968K
}
Event: 58.864 GC heap before
{Heap before GC invocations=32 (full 0):
 garbage-first heap   total 120832K, used 101298K [0x0000000700000000, 0x0000000800000000)
  region size 2048K, 15 young (30720K), 3 survivors (6144K)
 Metaspace       used 75273K, committed 76992K, reserved 983040K
  class space    used 10529K, committed 11328K, reserved 851968K
}
Event: 58.868 GC heap after
{Heap after GC invocations=33 (full 0):
 garbage-first heap   total 120832K, used 81903K [0x0000000700000000, 0x0000000800000000)
  region size 2048K, 1 young (2048K), 1 survivors (2048K)
 Metaspace       used 75273K, committed 76992K, reserved 983040K
  class space    used 10529K, committed 11328K, reserved 851968K
}
Event: 59.764 GC heap before
{Heap before GC invocations=33 (full 0):
 garbage-first heap   total 120832K, used 104431K [0x0000000700000000, 0x0000000800000000)
  region size 2048K, 13 young (26624K), 1 survivors (2048K)
 Metaspace       used 77603K, committed 79360K, reserved 983040K
  class space    used 10786K, committed 11648K, reserved 851968K
}
Event: 59.766 GC heap after
{Heap after GC invocations=34 (full 0):
 garbage-first heap   total 120832K, used 82633K [0x0000000700000000, 0x0000000800000000)
  region size 2048K, 2 young (4096K), 2 survivors (4096K)
 Metaspace       used 77603K, committed 79360K, reserved 983040K
  class space    used 10786K, committed 11648K, reserved 851968K
}
Event: 61.335 GC heap before
{Heap before GC invocations=35 (full 0):
 garbage-first heap   total 141312K, used 107209K [0x0000000700000000, 0x0000000800000000)
  region size 2048K, 14 young (28672K), 2 survivors (4096K)
 Metaspace       used 80222K, committed 81984K, reserved 983040K
  class space    used 11170K, committed 12032K, reserved 851968K
}
Event: 61.341 GC heap after
{Heap after GC invocations=36 (full 0):
 garbage-first heap   total 141312K, used 83248K [0x0000000700000000, 0x0000000800000000)
  region size 2048K, 1 young (2048K), 1 survivors (2048K)
 Metaspace       used 80222K, committed 81984K, reserved 983040K
  class space    used 11170K, committed 12032K, reserved 851968K
}

