# JRE version: OpenJDK Runtime Environment (21.0.8) (build 21.0.8+-14018985-b1038.68)
# Java VM: OpenJDK 64-Bit Server VM (21.0.8+-14018985-b1038.68, mixed mode, tiered, compressed oops, compressed class ptrs, g1 gc, windows-amd64)
GC Precious Log:
 CardTable entry size: 512
 Card Set container configuration: InlinePtr #cards 5 size 8 Array Of Cards #cards 12 size 40 Howl #buckets 4 coarsen threshold 1843 Howl Bitmap #cards 512 size 80 coarsen threshold 460 Card regions per heap region 1 cards per card region 2048
 CPUs: 8 total, 8 available
 Memory: 7916M
 Large Page Support: Disabled
 NUMA Support: Disabled
 Compressed Oops: Enabled (32-bit)
 Heap Region Size: 1M
 Heap Min Capacity: 8M
 Heap Initial Capacity: 124M
 Heap Max Capacity: 2G
 Pre-touch: Disabled
 Parallel Workers: 8
 Concurrent Workers: 2
 Concurrent Refinement Workers: 8
 Periodic GC: Disabled
Heap:
 garbage-first heap   total 391168K, used 258650K [0x0000000080000000, 0x0000000100000000)
  region size 1024K, 33 young (33792K), 6 survivors (6144K)
 Metaspace       used 177722K, committed 180480K, reserved 1245184K
  class space    used 23653K, committed 25024K, reserved 1048576K
GC Heap History (20 events):
Event: 33.846 GC heap before
{Heap before GC invocations=44 (full 0):
 garbage-first heap   total 306176K, used 262266K [0x0000000080000000, 0x0000000100000000)
  region size 1024K, 78 young (79872K), 5 survivors (5120K)
 Metaspace       used 137319K, committed 139520K, reserved 1179648K
  class space    used 18157K, committed 19200K, reserved 1048576K
}
Event: 33.855 GC heap after
{Heap after GC invocations=45 (full 0):
 garbage-first heap   total 306176K, used 194319K [0x0000000080000000, 0x0000000100000000)
  region size 1024K, 10 young (10240K), 10 survivors (10240K)
 Metaspace       used 137319K, committed 139520K, reserved 1179648K
  class space    used 18157K, committed 19200K, reserved 1048576K
}
Event: 35.165 GC heap before
{Heap before GC invocations=45 (full 0):
 garbage-first heap   total 306176K, used 276239K [0x0000000080000000, 0x0000000100000000)
  region size 1024K, 84 young (86016K), 10 survivors (10240K)
 Metaspace       used 140973K, committed 143232K, reserved 1179648K
  class space    used 18600K, committed 19712K, reserved 1048576K
}
Event: 35.176 GC heap after
{Heap after GC invocations=46 (full 0):
 garbage-first heap   total 306176K, used 205542K [0x0000000080000000, 0x0000000100000000)
  region size 1024K, 11 young (11264K), 11 survivors (11264K)
 Metaspace       used 140973K, committed 143232K, reserved 1179648K
  class space    used 18600K, committed 19712K, reserved 1048576K
}
Event: 35.943 GC heap before
{Heap before GC invocations=46 (full 0):
 garbage-first heap   total 306176K, used 256742K [0x0000000080000000, 0x0000000100000000)
  region size 1024K, 62 young (63488K), 11 survivors (11264K)
 Metaspace       used 147132K, committed 149504K, reserved 1179648K
  class space    used 19412K, committed 20544K, reserved 1048576K
}
Event: 35.950 GC heap after
{Heap after GC invocations=47 (full 0):
 garbage-first heap   total 306176K, used 209592K [0x0000000080000000, 0x0000000100000000)
  region size 1024K, 4 young (4096K), 4 survivors (4096K)
 Metaspace       used 147132K, committed 149504K, reserved 1179648K
  class space    used 19412K, committed 20544K, reserved 1048576K
}
Event: 36.838 GC heap before
{Heap before GC invocations=48 (full 0):
 garbage-first heap   total 358400K, used 284344K [0x0000000080000000, 0x0000000100000000)
  region size 1024K, 72 young (73728K), 4 survivors (4096K)
 Metaspace       used 151418K, committed 153792K, reserved 1245184K
  class space    used 20002K, committed 21184K, reserved 1048576K
}
Event: 36.844 GC heap after
{Heap after GC invocations=49 (full 0):
 garbage-first heap   total 358400K, used 215366K [0x0000000080000000, 0x0000000100000000)
  region size 1024K, 9 young (9216K), 9 survivors (9216K)
 Metaspace       used 151418K, committed 153792K, reserved 1245184K
  class space    used 20002K, committed 21184K, reserved 1048576K
}
Event: 38.241 GC heap before
{Heap before GC invocations=49 (full 0):
 garbage-first heap   total 358400K, used 313670K [0x0000000080000000, 0x0000000100000000)
  region size 1024K, 102 young (104448K), 9 survivors (9216K)
 Metaspace       used 158008K, committed 160448K, reserved 1245184K
  class space    used 20927K, committed 22080K, reserved 1048576K
}
Event: 38.252 GC heap after
{Heap after GC invocations=50 (full 0):
 garbage-first heap   total 358400K, used 221152K [0x0000000080000000, 0x0000000100000000)
  region size 1024K, 13 young (13312K), 13 survivors (13312K)
 Metaspace       used 158008K, committed 160448K, reserved 1245184K
  class space    used 20927K, committed 22080K, reserved 1048576K
}
Event: 38.381 GC heap before
{Heap before GC invocations=50 (full 0):
 garbage-first heap   total 358400K, used 235488K [0x0000000080000000, 0x0000000100000000)
  region size 1024K, 28 young (28672K), 13 survivors (13312K)
 Metaspace       used 158021K, committed 160448K, reserved 1245184K
  class space    used 20928K, committed 22080K, reserved 1048576K
}
Event: 38.390 GC heap after
{Heap after GC invocations=51 (full 0):
 garbage-first heap   total 358400K, used 223537K [0x0000000080000000, 0x0000000100000000)
  region size 1024K, 5 young (5120K), 5 survivors (5120K)
 Metaspace       used 158021K, committed 160448K, reserved 1245184K
  class space    used 20928K, committed 22080K, reserved 1048576K
}
Event: 40.140 GC heap before
{Heap before GC invocations=52 (full 0):
 garbage-first heap   total 370688K, used 314673K [0x0000000080000000, 0x0000000100000000)
  region size 1024K, 95 young (97280K), 5 survivors (5120K)
 Metaspace       used 158282K, committed 160768K, reserved 1245184K
  class space    used 20941K, committed 22144K, reserved 1048576K
}
Event: 40.155 GC heap after
{Heap after GC invocations=53 (full 0):
 garbage-first heap   total 370688K, used 230184K [0x0000000080000000, 0x0000000100000000)
  region size 1024K, 12 young (12288K), 12 survivors (12288K)
 Metaspace       used 158282K, committed 160768K, reserved 1245184K
  class space    used 20941K, committed 22144K, reserved 1048576K
}
Event: 49.929 GC heap before
{Heap before GC invocations=53 (full 0):
 garbage-first heap   total 370688K, used 329512K [0x0000000080000000, 0x0000000100000000)
  region size 1024K, 109 young (111616K), 12 survivors (12288K)
 Metaspace       used 163708K, committed 166144K, reserved 1245184K
  class space    used 21405K, committed 22592K, reserved 1048576K
}
Event: 49.945 GC heap after
{Heap after GC invocations=54 (full 0):
 garbage-first heap   total 370688K, used 230982K [0x0000000080000000, 0x0000000100000000)
  region size 1024K, 10 young (10240K), 10 survivors (10240K)
 Metaspace       used 163708K, committed 166144K, reserved 1245184K
  class space    used 21405K, committed 22592K, reserved 1048576K
}
Event: 50.690 GC heap before
{Heap before GC invocations=54 (full 0):
 garbage-first heap   total 370688K, used 265798K [0x0000000080000000, 0x0000000100000000)
  region size 1024K, 45 young (46080K), 10 survivors (10240K)
 Metaspace       used 166349K, committed 168832K, reserved 1245184K
  class space    used 21797K, committed 22976K, reserved 1048576K
}
Event: 50.697 GC heap after
{Heap after GC invocations=55 (full 0):
 garbage-first heap   total 370688K, used 233472K [0x0000000080000000, 0x0000000100000000)
  region size 1024K, 2 young (2048K), 2 survivors (2048K)
 Metaspace       used 166349K, committed 168832K, reserved 1245184K
  class space    used 21797K, committed 22976K, reserved 1048576K
}
Event: 52.013 GC heap before
{Heap before GC invocations=56 (full 0):
 garbage-first heap   total 391168K, used 338944K [0x0000000080000000, 0x0000000100000000)
  region size 1024K, 104 young (106496K), 2 survivors (2048K)
 Metaspace       used 174149K, committed 176832K, reserved 1245184K
  class space    used 23111K, committed 24384K, reserved 1048576K
}
Event: 52.018 GC heap after
{Heap after GC invocations=57 (full 0):
 garbage-first heap   total 391168K, used 229978K [0x0000000080000000, 0x0000000100000000)
  region size 1024K, 6 young (6144K), 6 survivors (6144K)
 Metaspace       used 174149K, committed 176832K, reserved 1245184K
  class space    used 23111K, committed 24384K, reserved 1048576K
}

