# JRE version: OpenJDK Runtime Environment (21.0.8) (build 21.0.8+-14018985-b1038.68)
# Java VM: OpenJDK 64-Bit Server VM (21.0.8+-14018985-b1038.68, mixed mode, tiered, compressed oops, compressed class ptrs, g1 gc, windows-amd64)
GC Precious Log:
 CardTable entry size: 512
 Card Set container configuration: InlinePtr #cards 5 size 8 Array Of Cards #cards 12 size 40 Howl #buckets 4 coarsen threshold 1843 Howl Bitmap #cards 512 size 80 coarsen threshold 460 Card regions per heap region 1 cards per card region 2048
 CPUs: 8 total, 8 available
 Memory: 7916M
 Large Page Support: Disabled
 NUMA Support: Disabled
 Compressed Oops: Enabled (32-bit)
 Heap Region Size: 1M
 Heap Min Capacity: 8M
 Heap Initial Capacity: 124M
 Heap Max Capacity: 2G
 Pre-touch: Disabled
 Parallel Workers: 8
 Concurrent Workers: 2
 Concurrent Refinement Workers: 8
 Periodic GC: Disabled
Heap:
 garbage-first heap   total 116736K, used 86488K [0x0000000080000000, 0x0000000100000000)
  region size 1024K, 20 young (20480K), 5 survivors (5120K)
 Metaspace       used 50361K, committed 51648K, reserved 1114112K
  class space    used 7058K, committed 7680K, reserved 1048576K
GC Heap History (20 events):
Event: 0.835 GC heap before
{Heap before GC invocations=0 (full 0):
 garbage-first heap   total 126976K, used 22528K [0x0000000080000000, 0x0000000100000000)
  region size 1024K, 23 young (23552K), 0 survivors (0K)
 Metaspace       used 8090K, committed 8256K, reserved 1114112K
  class space    used 746K, committed 832K, reserved 1048576K
}
Event: 0.841 GC heap after
{Heap after GC invocations=1 (full 0):
 garbage-first heap   total 126976K, used 3104K [0x0000000080000000, 0x0000000100000000)
  region size 1024K, 3 young (3072K), 3 survivors (3072K)
 Metaspace       used 8090K, committed 8256K, reserved 1114112K
  class space    used 746K, committed 832K, reserved 1048576K
}
Event: 1.522 GC heap before
{Heap before GC invocations=1 (full 0):
 garbage-first heap   total 126976K, used 39968K [0x0000000080000000, 0x0000000100000000)
  region size 1024K, 37 young (37888K), 3 survivors (3072K)
 Metaspace       used 12303K, committed 12416K, reserved 1114112K
  class space    used 1338K, committed 1408K, reserved 1048576K
}
Event: 1.529 GC heap after
{Heap after GC invocations=2 (full 0):
 garbage-first heap   total 126976K, used 11173K [0x0000000080000000, 0x0000000100000000)
  region size 1024K, 5 young (5120K), 5 survivors (5120K)
 Metaspace       used 12303K, committed 12416K, reserved 1114112K
  class space    used 1338K, committed 1408K, reserved 1048576K
}
Event: 2.021 GC heap before
{Heap before GC invocations=2 (full 0):
 garbage-first heap   total 126976K, used 60325K [0x0000000080000000, 0x0000000100000000)
  region size 1024K, 51 young (52224K), 5 survivors (5120K)
 Metaspace       used 13404K, committed 13632K, reserved 1114112K
  class space    used 1525K, committed 1664K, reserved 1048576K
}
Event: 2.030 GC heap after
{Heap after GC invocations=3 (full 0):
 garbage-first heap   total 126976K, used 17242K [0x0000000080000000, 0x0000000100000000)
  region size 1024K, 5 young (5120K), 5 survivors (5120K)
 Metaspace       used 13404K, committed 13632K, reserved 1114112K
  class space    used 1525K, committed 1664K, reserved 1048576K
}
Event: 2.574 GC heap before
{Heap before GC invocations=3 (full 0):
 garbage-first heap   total 126976K, used 40794K [0x0000000080000000, 0x0000000100000000)
  region size 1024K, 29 young (29696K), 5 survivors (5120K)
 Metaspace       used 21197K, committed 21504K, reserved 1114112K
  class space    used 2514K, committed 2688K, reserved 1048576K
}
Event: 2.580 GC heap after
{Heap after GC invocations=4 (full 0):
 garbage-first heap   total 126976K, used 20495K [0x0000000080000000, 0x0000000100000000)
  region size 1024K, 9 young (9216K), 9 survivors (9216K)
 Metaspace       used 21197K, committed 21504K, reserved 1114112K
  class space    used 2514K, committed 2688K, reserved 1048576K
}
Event: 3.540 GC heap before
{Heap before GC invocations=5 (full 0):
 garbage-first heap   total 71680K, used 70671K [0x0000000080000000, 0x0000000100000000)
  region size 1024K, 58 young (59392K), 9 survivors (9216K)
 Metaspace       used 29524K, committed 30080K, reserved 1114112K
  class space    used 3890K, committed 4160K, reserved 1048576K
}
Event: 3.548 GC heap after
{Heap after GC invocations=6 (full 0):
 garbage-first heap   total 82944K, used 23142K [0x0000000080000000, 0x0000000100000000)
  region size 1024K, 6 young (6144K), 6 survivors (6144K)
 Metaspace       used 29524K, committed 30080K, reserved 1114112K
  class space    used 3890K, committed 4160K, reserved 1048576K
}
Event: 4.069 GC heap before
{Heap before GC invocations=6 (full 0):
 garbage-first heap   total 82944K, used 63078K [0x0000000080000000, 0x0000000100000000)
  region size 1024K, 46 young (47104K), 6 survivors (6144K)
 Metaspace       used 35163K, committed 35968K, reserved 1114112K
  class space    used 4910K, committed 5312K, reserved 1048576K
}
Event: 4.076 GC heap after
{Heap after GC invocations=7 (full 0):
 garbage-first heap   total 82944K, used 26170K [0x0000000080000000, 0x0000000100000000)
  region size 1024K, 6 young (6144K), 6 survivors (6144K)
 Metaspace       used 35163K, committed 35968K, reserved 1114112K
  class space    used 4910K, committed 5312K, reserved 1048576K
}
Event: 4.186 GC heap before
{Heap before GC invocations=7 (full 0):
 garbage-first heap   total 82944K, used 44602K [0x0000000080000000, 0x0000000100000000)
  region size 1024K, 13 young (13312K), 6 survivors (6144K)
 Metaspace       used 35473K, committed 36288K, reserved 1114112K
  class space    used 4956K, committed 5376K, reserved 1048576K
}
Event: 4.191 GC heap after
{Heap after GC invocations=8 (full 0):
 garbage-first heap   total 100352K, used 41953K [0x0000000080000000, 0x0000000100000000)
  region size 1024K, 6 young (6144K), 6 survivors (6144K)
 Metaspace       used 35473K, committed 36288K, reserved 1114112K
  class space    used 4956K, committed 5376K, reserved 1048576K
}
Event: 4.758 GC heap before
{Heap before GC invocations=9 (full 0):
 garbage-first heap   total 100352K, used 97249K [0x0000000080000000, 0x0000000100000000)
  region size 1024K, 46 young (47104K), 6 survivors (6144K)
 Metaspace       used 40266K, committed 41216K, reserved 1114112K
  class space    used 5740K, committed 6208K, reserved 1048576K
}
Event: 4.766 GC heap after
{Heap after GC invocations=10 (full 0):
 garbage-first heap   total 109568K, used 62217K [0x0000000080000000, 0x0000000100000000)
  region size 1024K, 6 young (6144K), 6 survivors (6144K)
 Metaspace       used 40266K, committed 41216K, reserved 1114112K
  class space    used 5740K, committed 6208K, reserved 1048576K
}
Event: 5.289 GC heap before
{Heap before GC invocations=10 (full 0):
 garbage-first heap   total 109568K, used 94985K [0x0000000080000000, 0x0000000100000000)
  region size 1024K, 38 young (38912K), 6 survivors (6144K)
 Metaspace       used 44898K, committed 46144K, reserved 1114112K
  class space    used 6501K, committed 7104K, reserved 1048576K
}
Event: 5.293 GC heap after
{Heap after GC invocations=11 (full 0):
 garbage-first heap   total 109568K, used 65160K [0x0000000080000000, 0x0000000100000000)
  region size 1024K, 3 young (3072K), 3 survivors (3072K)
 Metaspace       used 44898K, committed 46144K, reserved 1114112K
  class space    used 6501K, committed 7104K, reserved 1048576K
}
Event: 5.658 GC heap before
{Heap before GC invocations=11 (full 0):
 garbage-first heap   total 109568K, used 95880K [0x0000000080000000, 0x0000000100000000)
  region size 1024K, 34 young (34816K), 3 survivors (3072K)
 Metaspace       used 49824K, committed 51136K, reserved 1114112K
  class space    used 6990K, committed 7616K, reserved 1048576K
}
Event: 5.663 GC heap after
{Heap after GC invocations=12 (full 0):
 garbage-first heap   total 109568K, used 69080K [0x0000000080000000, 0x0000000100000000)
  region size 1024K, 5 young (5120K), 5 survivors (5120K)
 Metaspace       used 49824K, committed 51136K, reserved 1114112K
  class space    used 6990K, committed 7616K, reserved 1048576K
}

