# JRE version: OpenJDK Runtime Environment (21.0.8) (build 21.0.8+-14018985-b1038.68)
# Java VM: OpenJDK 64-Bit Server VM (21.0.8+-14018985-b1038.68, mixed mode, tiered, compressed oops, compressed class ptrs, g1 gc, windows-amd64)
GC Precious Log:
 CardTable entry size: 512
 Card Set container configuration: InlinePtr #cards 4 size 8 Array Of Cards #cards 16 size 48 Howl #buckets 8 coarsen threshold 3686 Howl Bitmap #cards 512 size 80 coarsen threshold 460 Card regions per heap region 1 cards per card region 4096
 CPUs: 8 total, 8 available
 Memory: 7916M
 Large Page Support: Disabled
 NUMA Support: Disabled
 Compressed Oops: Enabled (Zero based)
 Heap Region Size: 2M
 Heap Min Capacity: 8M
 Heap Initial Capacity: 124M
 Heap Max Capacity: 4G
 Pre-touch: Disabled
 Parallel Workers: 8
 Concurrent Workers: 2
 Concurrent Refinement Workers: 8
 Periodic GC: Disabled
Heap:
 garbage-first heap   total 593920K, used 581615K [0x0000000700000000, 0x0000000800000000)
  region size 2048K, 57 young (116736K), 3 survivors (6144K)
 Metaspace       used 175309K, committed 178176K, reserved 1048576K
  class space    used 24628K, committed 25984K, reserved 851968K
GC Heap History (20 events):
Event: 124.789 GC heap after
{Heap after GC invocations=62 (full 0):
 garbage-first heap   total 387072K, used 240328K [0x0000000700000000, 0x0000000800000000)
  region size 2048K, 5 young (10240K), 5 survivors (10240K)
 Metaspace       used 144398K, committed 146880K, reserved 983040K
  class space    used 20052K, committed 21248K, reserved 851968K
}
Event: 126.095 GC heap before
{Heap before GC invocations=62 (full 0):
 garbage-first heap   total 387072K, used 342728K [0x0000000700000000, 0x0000000800000000)
  region size 2048K, 56 young (114688K), 5 survivors (10240K)
 Metaspace       used 144591K, committed 147136K, reserved 983040K
  class space    used 20075K, committed 21312K, reserved 851968K
}
Event: 126.111 GC heap after
{Heap after GC invocations=63 (full 0):
 garbage-first heap   total 387072K, used 242908K [0x0000000700000000, 0x0000000800000000)
  region size 2048K, 4 young (8192K), 4 survivors (8192K)
 Metaspace       used 144591K, committed 147136K, reserved 983040K
  class space    used 20075K, committed 21312K, reserved 851968K
}
Event: 127.552 GC heap before
{Heap before GC invocations=63 (full 0):
 garbage-first heap   total 387072K, used 347356K [0x0000000700000000, 0x0000000800000000)
  region size 2048K, 56 young (114688K), 4 survivors (8192K)
 Metaspace       used 146134K, committed 148672K, reserved 983040K
  class space    used 20345K, committed 21568K, reserved 851968K
}
Event: 127.563 GC heap after
{Heap after GC invocations=64 (full 0):
 garbage-first heap   total 387072K, used 247190K [0x0000000700000000, 0x0000000800000000)
  region size 2048K, 4 young (8192K), 4 survivors (8192K)
 Metaspace       used 146134K, committed 148672K, reserved 983040K
  class space    used 20345K, committed 21568K, reserved 851968K
}
Event: 128.427 GC heap before
{Heap before GC invocations=65 (full 0):
 garbage-first heap   total 417792K, used 351638K [0x0000000700000000, 0x0000000800000000)
  region size 2048K, 56 young (114688K), 4 survivors (8192K)
 Metaspace       used 146279K, committed 148800K, reserved 983040K
  class space    used 20367K, committed 21568K, reserved 851968K
}
Event: 128.439 GC heap after
{Heap after GC invocations=66 (full 0):
 garbage-first heap   total 417792K, used 250690K [0x0000000700000000, 0x0000000800000000)
  region size 2048K, 5 young (10240K), 5 survivors (10240K)
 Metaspace       used 146279K, committed 148800K, reserved 983040K
  class space    used 20367K, committed 21568K, reserved 851968K
}
Event: 170.090 GC heap before
{Heap before GC invocations=66 (full 0):
 garbage-first heap   total 417792K, used 379714K [0x0000000700000000, 0x0000000800000000)
  region size 2048K, 69 young (141312K), 5 survivors (10240K)
 Metaspace       used 149496K, committed 152064K, reserved 983040K
  class space    used 20845K, committed 22080K, reserved 851968K
}
Event: 170.233 GC heap after
{Heap after GC invocations=67 (full 0):
 garbage-first heap   total 419840K, used 246597K [0x0000000700000000, 0x0000000800000000)
  region size 2048K, 9 young (18432K), 9 survivors (18432K)
 Metaspace       used 149496K, committed 152064K, reserved 983040K
  class space    used 20845K, committed 22080K, reserved 851968K
}
Event: 172.343 GC heap before
{Heap before GC invocations=67 (full 0):
 garbage-first heap   total 419840K, used 371525K [0x0000000700000000, 0x0000000800000000)
  region size 2048K, 71 young (145408K), 9 survivors (18432K)
 Metaspace       used 162304K, committed 164992K, reserved 1048576K
  class space    used 22828K, committed 24128K, reserved 851968K
}
Event: 172.368 GC heap after
{Heap after GC invocations=68 (full 0):
 garbage-first heap   total 419840K, used 252700K [0x0000000700000000, 0x0000000800000000)
  region size 2048K, 3 young (6144K), 3 survivors (6144K)
 Metaspace       used 162304K, committed 164992K, reserved 1048576K
  class space    used 22828K, committed 24128K, reserved 851968K
}
Event: 174.668 GC heap before
{Heap before GC invocations=69 (full 0):
 garbage-first heap   total 423936K, used 379676K [0x0000000700000000, 0x0000000800000000)
  region size 2048K, 66 young (135168K), 3 survivors (6144K)
 Metaspace       used 166192K, committed 168896K, reserved 1048576K
  class space    used 23437K, committed 24768K, reserved 851968K
}
Event: 174.676 GC heap after
{Heap after GC invocations=70 (full 0):
 garbage-first heap   total 423936K, used 256312K [0x0000000700000000, 0x0000000800000000)
  region size 2048K, 5 young (10240K), 5 survivors (10240K)
 Metaspace       used 166192K, committed 168896K, reserved 1048576K
  class space    used 23437K, committed 24768K, reserved 851968K
}
Event: 709.153 GC heap before
{Heap before GC invocations=70 (full 0):
 garbage-first heap   total 423936K, used 420152K [0x0000000700000000, 0x0000000800000000)
  region size 2048K, 65 young (133120K), 5 survivors (10240K)
 Metaspace       used 171478K, committed 174272K, reserved 1048576K
  class space    used 24219K, committed 25536K, reserved 851968K
}
Event: 709.333 GC heap after
{Heap after GC invocations=71 (full 0):
 garbage-first heap   total 446464K, used 257082K [0x0000000700000000, 0x0000000800000000)
  region size 2048K, 7 young (14336K), 7 survivors (14336K)
 Metaspace       used 171478K, committed 174272K, reserved 1048576K
  class space    used 24219K, committed 25536K, reserved 851968K
}
Event: 722.632 GC heap before
{Heap before GC invocations=71 (full 0):
 garbage-first heap   total 446464K, used 406586K [0x0000000700000000, 0x0000000800000000)
  region size 2048K, 80 young (163840K), 7 survivors (14336K)
 Metaspace       used 173849K, committed 176640K, reserved 1048576K
  class space    used 24487K, committed 25856K, reserved 851968K
}
Event: 722.677 GC heap after
{Heap after GC invocations=72 (full 0):
 garbage-first heap   total 446464K, used 274903K [0x0000000700000000, 0x0000000800000000)
  region size 2048K, 10 young (20480K), 10 survivors (20480K)
 Metaspace       used 173849K, committed 176640K, reserved 1048576K
  class space    used 24487K, committed 25856K, reserved 851968K
}
Event: 744.150 GC heap before
{Heap before GC invocations=73 (full 0):
 garbage-first heap   total 460800K, used 397783K [0x0000000700000000, 0x0000000800000000)
  region size 2048K, 71 young (145408K), 10 survivors (20480K)
 Metaspace       used 174784K, committed 177600K, reserved 1048576K
  class space    used 24587K, committed 25920K, reserved 851968K
}
Event: 744.225 GC heap after
{Heap after GC invocations=74 (full 0):
 garbage-first heap   total 460800K, used 288751K [0x0000000700000000, 0x0000000800000000)
  region size 2048K, 7 young (14336K), 7 survivors (14336K)
 Metaspace       used 174784K, committed 177600K, reserved 1048576K
  class space    used 24587K, committed 25920K, reserved 851968K
}
Event: 752.715 GC heap before
{Heap before GC invocations=74 (full 0):
 garbage-first heap   total 583680K, used 581615K [0x0000000700000000, 0x0000000800000000)
  region size 2048K, 61 young (124928K), 7 survivors (14336K)
 Metaspace       used 175309K, committed 178176K, reserved 1048576K
  class space    used 24628K, committed 25984K, reserved 851968K
}

