# JRE version: Java(TM) SE Runtime Environment (17.0.8+9) (build 17.0.8+9-LTS-211)
# Java VM: Java HotSpot(TM) 64-Bit Server VM (17.0.8+9-LTS-211, mixed mode, sharing, tiered, compressed oops, compressed class ptrs, g1 gc, windows-amd64)
GC Precious Log:
 CPUs: 8 total, 8 available
 Memory: 7916M
 Large Page Support: Disabled
 NUMA Support: Disabled
 Compressed Oops: Enabled (32-bit)
 Heap Region Size: 1M
 Heap Min Capacity: 8M
 Heap Initial Capacity: 124M
 Heap Max Capacity: 2G
 Pre-touch: Disabled
 Parallel Workers: 8
 Concurrent Workers: 2
 Concurrent Refinement Workers: 8
 Periodic GC: Disabled
Heap:
 garbage-first heap   total 219136K, used 172373K [0x0000000080000000, 0x0000000100000000)
  region size 1024K, 2 young (2048K), 2 survivors (2048K)
 Metaspace       used 103187K, committed 104064K, reserved 557056K
  class space    used 14269K, committed 14720K, reserved 425984K
GC Heap History (20 events):
Event: 76.796 GC heap after
{Heap after GC invocations=43 (full 0):
 garbage-first heap   total 182272K, used 119514K [0x0000000080000000, 0x0000000100000000)
  region size 1024K, 4 young (4096K), 4 survivors (4096K)
 Metaspace       used 99477K, committed 100352K, reserved 557056K
  class space    used 13873K, committed 14336K, reserved 425984K
}
Event: 77.288 GC heap before
{Heap before GC invocations=43 (full 0):
 garbage-first heap   total 182272K, used 153306K [0x0000000080000000, 0x0000000100000000)
  region size 1024K, 37 young (37888K), 4 survivors (4096K)
 Metaspace       used 99493K, committed 100352K, reserved 557056K
  class space    used 13873K, committed 14336K, reserved 425984K
}
Event: 77.293 GC heap after
{Heap after GC invocations=44 (full 0):
 garbage-first heap   total 182272K, used 120831K [0x0000000080000000, 0x0000000100000000)
  region size 1024K, 4 young (4096K), 4 survivors (4096K)
 Metaspace       used 99493K, committed 100352K, reserved 557056K
  class space    used 13873K, committed 14336K, reserved 425984K
}
Event: 77.846 GC heap before
{Heap before GC invocations=44 (full 0):
 garbage-first heap   total 182272K, used 153599K [0x0000000080000000, 0x0000000100000000)
  region size 1024K, 35 young (35840K), 4 survivors (4096K)
 Metaspace       used 99806K, committed 100608K, reserved 557056K
  class space    used 13942K, committed 14336K, reserved 425984K
}
Event: 77.852 GC heap after
{Heap after GC invocations=45 (full 0):
 garbage-first heap   total 182272K, used 122653K [0x0000000080000000, 0x0000000100000000)
  region size 1024K, 4 young (4096K), 4 survivors (4096K)
 Metaspace       used 99806K, committed 100608K, reserved 557056K
  class space    used 13942K, committed 14336K, reserved 425984K
}
Event: 78.848 GC heap before
{Heap before GC invocations=45 (full 0):
 garbage-first heap   total 182272K, used 161565K [0x0000000080000000, 0x0000000100000000)
  region size 1024K, 34 young (34816K), 4 survivors (4096K)
 Metaspace       used 101377K, committed 102272K, reserved 557056K
  class space    used 14087K, committed 14528K, reserved 425984K
}
Event: 78.854 GC heap after
{Heap after GC invocations=46 (full 0):
 garbage-first heap   total 182272K, used 125511K [0x0000000080000000, 0x0000000100000000)
  region size 1024K, 4 young (4096K), 4 survivors (4096K)
 Metaspace       used 101377K, committed 102272K, reserved 557056K
  class space    used 14087K, committed 14528K, reserved 425984K
}
Event: 79.545 GC heap before
{Heap before GC invocations=46 (full 0):
 garbage-first heap   total 182272K, used 157255K [0x0000000080000000, 0x0000000100000000)
  region size 1024K, 31 young (31744K), 4 survivors (4096K)
 Metaspace       used 102766K, committed 103616K, reserved 557056K
  class space    used 14228K, committed 14656K, reserved 425984K
}
Event: 79.555 GC heap after
{Heap after GC invocations=47 (full 0):
 garbage-first heap   total 182272K, used 141070K [0x0000000080000000, 0x0000000100000000)
  region size 1024K, 4 young (4096K), 4 survivors (4096K)
 Metaspace       used 102766K, committed 103616K, reserved 557056K
  class space    used 14228K, committed 14656K, reserved 425984K
}
Event: 79.730 GC heap before
{Heap before GC invocations=47 (full 0):
 garbage-first heap   total 182272K, used 152334K [0x0000000080000000, 0x0000000100000000)
  region size 1024K, 15 young (15360K), 4 survivors (4096K)
 Metaspace       used 102825K, committed 103680K, reserved 557056K
  class space    used 14228K, committed 14656K, reserved 425984K
}
Event: 79.737 GC heap after
{Heap after GC invocations=48 (full 0):
 garbage-first heap   total 182272K, used 151412K [0x0000000080000000, 0x0000000100000000)
  region size 1024K, 2 young (2048K), 2 survivors (2048K)
 Metaspace       used 102825K, committed 103680K, reserved 557056K
  class space    used 14228K, committed 14656K, reserved 425984K
}
Event: 79.842 GC heap before
{Heap before GC invocations=48 (full 0):
 garbage-first heap   total 182272K, used 157556K [0x0000000080000000, 0x0000000100000000)
  region size 1024K, 8 young (8192K), 2 survivors (2048K)
 Metaspace       used 102829K, committed 103680K, reserved 557056K
  class space    used 14228K, committed 14656K, reserved 425984K
}
Event: 80.849 GC heap after
{Heap after GC invocations=49 (full 0):
 garbage-first heap   total 219136K, used 157696K [0x0000000080000000, 0x0000000100000000)
  region size 1024K, 1 young (1024K), 1 survivors (1024K)
 Metaspace       used 102829K, committed 103680K, reserved 557056K
  class space    used 14228K, committed 14656K, reserved 425984K
}
Event: 80.903 GC heap before
{Heap before GC invocations=49 (full 0):
 garbage-first heap   total 219136K, used 166912K [0x0000000080000000, 0x0000000100000000)
  region size 1024K, 10 young (10240K), 1 survivors (1024K)
 Metaspace       used 102834K, committed 103680K, reserved 557056K
  class space    used 14228K, committed 14656K, reserved 425984K
}
Event: 80.908 GC heap after
{Heap after GC invocations=50 (full 0):
 garbage-first heap   total 219136K, used 166467K [0x0000000080000000, 0x0000000100000000)
  region size 1024K, 2 young (2048K), 2 survivors (2048K)
 Metaspace       used 102834K, committed 103680K, reserved 557056K
  class space    used 14228K, committed 14656K, reserved 425984K
}
Event: 80.986 GC heap before
{Heap before GC invocations=50 (full 0):
 garbage-first heap   total 219136K, used 173635K [0x0000000080000000, 0x0000000100000000)
  region size 1024K, 10 young (10240K), 2 survivors (2048K)
 Metaspace       used 102959K, committed 103872K, reserved 557056K
  class space    used 14245K, committed 14720K, reserved 425984K
}
Event: 80.991 GC heap after
{Heap after GC invocations=51 (full 0):
 garbage-first heap   total 219136K, used 170341K [0x0000000080000000, 0x0000000100000000)
  region size 1024K, 2 young (2048K), 2 survivors (2048K)
 Metaspace       used 102959K, committed 103872K, reserved 557056K
  class space    used 14245K, committed 14720K, reserved 425984K
}
Event: 81.145 GC heap before
{Heap before GC invocations=51 (full 0):
 garbage-first heap   total 219136K, used 178533K [0x0000000080000000, 0x0000000100000000)
  region size 1024K, 10 young (10240K), 2 survivors (2048K)
 Metaspace       used 103053K, committed 103936K, reserved 557056K
  class space    used 14256K, committed 14720K, reserved 425984K
}
Event: 81.148 GC heap after
{Heap after GC invocations=52 (full 0):
 garbage-first heap   total 219136K, used 170655K [0x0000000080000000, 0x0000000100000000)
  region size 1024K, 1 young (1024K), 1 survivors (1024K)
 Metaspace       used 103053K, committed 103936K, reserved 557056K
  class space    used 14256K, committed 14720K, reserved 425984K
}
Event: 81.207 GC heap before
{Heap before GC invocations=52 (full 0):
 garbage-first heap   total 219136K, used 178847K [0x0000000080000000, 0x0000000100000000)
  region size 1024K, 10 young (10240K), 1 survivors (1024K)
 Metaspace       used 103187K, committed 104064K, reserved 557056K
  class space    used 14269K, committed 14720K, reserved 425984K
}

