# JRE version: OpenJDK Runtime Environment (21.0.8) (build 21.0.8+-14018985-b1038.68)
# Java VM: OpenJDK 64-Bit Server VM (21.0.8+-14018985-b1038.68, mixed mode, tiered, compressed oops, compressed class ptrs, g1 gc, windows-amd64)
GC Precious Log:
 CardTable entry size: 512
 Card Set container configuration: InlinePtr #cards 4 size 8 Array Of Cards #cards 16 size 48 Howl #buckets 8 coarsen threshold 3686 Howl Bitmap #cards 512 size 80 coarsen threshold 460 Card regions per heap region 1 cards per card region 4096
 CPUs: 8 total, 8 available
 Memory: 7916M
 Large Page Support: Disabled
 NUMA Support: Disabled
 Compressed Oops: Enabled (Zero based)
 Heap Region Size: 2M
 Heap Min Capacity: 8M
 Heap Initial Capacity: 124M
 Heap Max Capacity: 4G
 Pre-touch: Disabled
 Parallel Workers: 8
 Concurrent Workers: 2
 Concurrent Refinement Workers: 8
 Periodic GC: Disabled
Heap:
 garbage-first heap   total 79872K, used 34111K [0x0000000700000000, 0x0000000800000000)
  region size 2048K, 8 young (16384K), 2 survivors (4096K)
 Metaspace       used 31508K, committed 32064K, reserved 917504K
  class space    used 4238K, committed 4480K, reserved 851968K
GC Heap History (10 events):
Event: 1.311 GC heap before
{Heap before GC invocations=0 (full 0):
 garbage-first heap   total 126976K, used 22528K [0x0000000700000000, 0x0000000800000000)
  region size 2048K, 11 young (22528K), 0 survivors (0K)
 Metaspace       used 8098K, committed 8256K, reserved 917504K
  class space    used 746K, committed 832K, reserved 851968K
}
Event: 1.319 GC heap after
{Heap after GC invocations=1 (full 0):
 garbage-first heap   total 126976K, used 2176K [0x0000000700000000, 0x0000000800000000)
  region size 2048K, 2 young (4096K), 2 survivors (4096K)
 Metaspace       used 8098K, committed 8256K, reserved 917504K
  class space    used 746K, committed 832K, reserved 851968K
}
Event: 3.249 GC heap before
{Heap before GC invocations=1 (full 0):
 garbage-first heap   total 126976K, used 55424K [0x0000000700000000, 0x0000000800000000)
  region size 2048K, 26 young (53248K), 2 survivors (4096K)
 Metaspace       used 12372K, committed 12480K, reserved 917504K
  class space    used 1341K, committed 1408K, reserved 851968K
}
Event: 3.263 GC heap after
{Heap after GC invocations=2 (full 0):
 garbage-first heap   total 126976K, used 12107K [0x0000000700000000, 0x0000000800000000)
  region size 2048K, 4 young (8192K), 4 survivors (8192K)
 Metaspace       used 12372K, committed 12480K, reserved 917504K
  class space    used 1341K, committed 1408K, reserved 851968K
}
Event: 6.694 GC heap before
{Heap before GC invocations=2 (full 0):
 garbage-first heap   total 126976K, used 67403K [0x0000000700000000, 0x0000000800000000)
  region size 2048K, 32 young (65536K), 4 survivors (8192K)
 Metaspace       used 20800K, committed 21056K, reserved 917504K
  class space    used 2453K, committed 2560K, reserved 851968K
}
Event: 6.709 GC heap after
{Heap after GC invocations=3 (full 0):
 garbage-first heap   total 126976K, used 20233K [0x0000000700000000, 0x0000000800000000)
  region size 2048K, 4 young (8192K), 4 survivors (8192K)
 Metaspace       used 20800K, committed 21056K, reserved 917504K
  class space    used 2453K, committed 2560K, reserved 851968K
}
Event: 6.829 GC heap before
{Heap before GC invocations=3 (full 0):
 garbage-first heap   total 126976K, used 22281K [0x0000000700000000, 0x0000000800000000)
  region size 2048K, 6 young (12288K), 4 survivors (8192K)
 Metaspace       used 21245K, committed 21504K, reserved 917504K
  class space    used 2534K, committed 2688K, reserved 851968K
}
Event: 6.872 GC heap after
{Heap after GC invocations=4 (full 0):
 garbage-first heap   total 126976K, used 21437K [0x0000000700000000, 0x0000000800000000)
  region size 2048K, 1 young (2048K), 1 survivors (2048K)
 Metaspace       used 21245K, committed 21504K, reserved 917504K
  class space    used 2534K, committed 2688K, reserved 851968K
}
Event: 9.715 GC heap before
{Heap before GC invocations=5 (full 0):
 garbage-first heap   total 75776K, used 72637K [0x0000000700000000, 0x0000000800000000)
  region size 2048K, 27 young (55296K), 1 survivors (2048K)
 Metaspace       used 29973K, committed 30528K, reserved 917504K
  class space    used 3974K, committed 4224K, reserved 851968K
}
Event: 9.721 GC heap after
{Heap after GC invocations=6 (full 0):
 garbage-first heap   total 79872K, used 23871K [0x0000000700000000, 0x0000000800000000)
  region size 2048K, 2 young (4096K), 2 survivors (4096K)
 Metaspace       used 29973K, committed 30528K, reserved 917504K
  class space    used 3974K, committed 4224K, reserved 851968K
}

