# JRE version: OpenJDK Runtime Environment (21.0.8) (build 21.0.8+-14018985-b1038.68)
# Java VM: OpenJDK 64-Bit Server VM (21.0.8+-14018985-b1038.68, mixed mode, tiered, compressed oops, compressed class ptrs, g1 gc, windows-amd64)
GC Precious Log:
 CardTable entry size: 512
 Card Set container configuration: InlinePtr #cards 4 size 8 Array Of Cards #cards 16 size 48 Howl #buckets 8 coarsen threshold 3686 Howl Bitmap #cards 512 size 80 coarsen threshold 460 Card regions per heap region 1 cards per card region 4096
 CPUs: 8 total, 8 available
 Memory: 7916M
 Large Page Support: Disabled
 NUMA Support: Disabled
 Compressed Oops: Enabled (Zero based)
 Heap Region Size: 2M
 Heap Min Capacity: 8M
 Heap Initial Capacity: 124M
 Heap Max Capacity: 4G
 Pre-touch: Disabled
 Parallel Workers: 8
 Concurrent Workers: 2
 Concurrent Refinement Workers: 8
 Periodic GC: Disabled
Heap:
 garbage-first heap   total 79872K, used 44654K [0x0000000700000000, 0x0000000800000000)
  region size 2048K, 12 young (24576K), 3 survivors (6144K)
 Metaspace       used 45163K, committed 46336K, reserved 917504K
  class space    used 6405K, committed 6976K, reserved 851968K
GC Heap History (16 events):
Event: 7.619 GC heap before
{Heap before GC invocations=0 (full 0):
 garbage-first heap   total 126976K, used 22528K [0x0000000700000000, 0x0000000800000000)
  region size 2048K, 11 young (22528K), 0 survivors (0K)
 Metaspace       used 8096K, committed 8256K, reserved 917504K
  class space    used 746K, committed 832K, reserved 851968K
}
Event: 7.626 GC heap after
{Heap after GC invocations=1 (full 0):
 garbage-first heap   total 126976K, used 2176K [0x0000000700000000, 0x0000000800000000)
  region size 2048K, 2 young (4096K), 2 survivors (4096K)
 Metaspace       used 8096K, committed 8256K, reserved 917504K
  class space    used 746K, committed 832K, reserved 851968K
}
Event: 9.516 GC heap before
{Heap before GC invocations=1 (full 0):
 garbage-first heap   total 126976K, used 55424K [0x0000000700000000, 0x0000000800000000)
  region size 2048K, 26 young (53248K), 2 survivors (4096K)
 Metaspace       used 12340K, committed 12480K, reserved 917504K
  class space    used 1338K, committed 1408K, reserved 851968K
}
Event: 9.527 GC heap after
{Heap after GC invocations=2 (full 0):
 garbage-first heap   total 126976K, used 11903K [0x0000000700000000, 0x0000000800000000)
  region size 2048K, 4 young (8192K), 4 survivors (8192K)
 Metaspace       used 12340K, committed 12480K, reserved 917504K
  class space    used 1338K, committed 1408K, reserved 851968K
}
Event: 12.336 GC heap before
{Heap before GC invocations=2 (full 0):
 garbage-first heap   total 126976K, used 67199K [0x0000000700000000, 0x0000000800000000)
  region size 2048K, 32 young (65536K), 4 survivors (8192K)
 Metaspace       used 20794K, committed 21056K, reserved 917504K
  class space    used 2449K, committed 2560K, reserved 851968K
}
Event: 12.351 GC heap after
{Heap after GC invocations=3 (full 0):
 garbage-first heap   total 126976K, used 19891K [0x0000000700000000, 0x0000000800000000)
  region size 2048K, 4 young (8192K), 4 survivors (8192K)
 Metaspace       used 20794K, committed 21056K, reserved 917504K
  class space    used 2449K, committed 2560K, reserved 851968K
}
Event: 12.601 GC heap before
{Heap before GC invocations=3 (full 0):
 garbage-first heap   total 126976K, used 19891K [0x0000000700000000, 0x0000000800000000)
  region size 2048K, 6 young (12288K), 4 survivors (8192K)
 Metaspace       used 21239K, committed 21504K, reserved 917504K
  class space    used 2529K, committed 2688K, reserved 851968K
}
Event: 12.607 GC heap after
{Heap after GC invocations=4 (full 0):
 garbage-first heap   total 126976K, used 20917K [0x0000000700000000, 0x0000000800000000)
  region size 2048K, 1 young (2048K), 1 survivors (2048K)
 Metaspace       used 21239K, committed 21504K, reserved 917504K
  class space    used 2529K, committed 2688K, reserved 851968K
}
Event: 15.087 GC heap before
{Heap before GC invocations=5 (full 0):
 garbage-first heap   total 75776K, used 72117K [0x0000000700000000, 0x0000000800000000)
  region size 2048K, 27 young (55296K), 1 survivors (2048K)
 Metaspace       used 29952K, committed 30464K, reserved 917504K
  class space    used 3964K, committed 4160K, reserved 851968K
}
Event: 15.092 GC heap after
{Heap after GC invocations=6 (full 0):
 garbage-first heap   total 79872K, used 23464K [0x0000000700000000, 0x0000000800000000)
  region size 2048K, 2 young (4096K), 2 survivors (4096K)
 Metaspace       used 29952K, committed 30464K, reserved 917504K
  class space    used 3964K, committed 4160K, reserved 851968K
}
Event: 16.139 GC heap before
{Heap before GC invocations=6 (full 0):
 garbage-first heap   total 79872K, used 60328K [0x0000000700000000, 0x0000000800000000)
  region size 2048K, 21 young (43008K), 2 survivors (4096K)
 Metaspace       used 35312K, committed 36096K, reserved 917504K
  class space    used 4874K, committed 5312K, reserved 851968K
}
Event: 16.145 GC heap after
{Heap after GC invocations=7 (full 0):
 garbage-first heap   total 79872K, used 25548K [0x0000000700000000, 0x0000000800000000)
  region size 2048K, 3 young (6144K), 3 survivors (6144K)
 Metaspace       used 35312K, committed 36096K, reserved 917504K
  class space    used 4874K, committed 5312K, reserved 851968K
}
Event: 16.246 GC heap before
{Heap before GC invocations=7 (full 0):
 garbage-first heap   total 79872K, used 27596K [0x0000000700000000, 0x0000000800000000)
  region size 2048K, 5 young (10240K), 3 survivors (6144K)
 Metaspace       used 35615K, committed 36416K, reserved 917504K
  class space    used 4942K, committed 5376K, reserved 851968K
}
Event: 16.251 GC heap after
{Heap after GC invocations=8 (full 0):
 garbage-first heap   total 79872K, used 25880K [0x0000000700000000, 0x0000000800000000)
  region size 2048K, 2 young (4096K), 2 survivors (4096K)
 Metaspace       used 35615K, committed 36416K, reserved 917504K
  class space    used 4942K, committed 5376K, reserved 851968K
}
Event: 17.152 GC heap before
{Heap before GC invocations=9 (full 0):
 garbage-first heap   total 79872K, used 66840K [0x0000000700000000, 0x0000000800000000)
  region size 2048K, 22 young (45056K), 2 survivors (4096K)
 Metaspace       used 41297K, committed 42432K, reserved 917504K
  class space    used 5927K, committed 6464K, reserved 851968K
}
Event: 17.157 GC heap after
{Heap after GC invocations=10 (full 0):
 garbage-first heap   total 79872K, used 28270K [0x0000000700000000, 0x0000000800000000)
  region size 2048K, 3 young (6144K), 3 survivors (6144K)
 Metaspace       used 41297K, committed 42432K, reserved 917504K
  class space    used 5927K, committed 6464K, reserved 851968K
}

