# JRE version: OpenJDK Runtime Environment (21.0.8) (build 21.0.8+-14018985-b1038.68)
# Java VM: OpenJDK 64-Bit Server VM (21.0.8+-14018985-b1038.68, mixed mode, tiered, compressed oops, compressed class ptrs, g1 gc, windows-amd64)
GC Precious Log:
 CardTable entry size: 512
 Card Set container configuration: InlinePtr #cards 5 size 8 Array Of Cards #cards 12 size 40 Howl #buckets 4 coarsen threshold 1843 Howl Bitmap #cards 512 size 80 coarsen threshold 460 Card regions per heap region 1 cards per card region 2048
 CPUs: 8 total, 8 available
 Memory: 7916M
 Large Page Support: Disabled
 NUMA Support: Disabled
 Compressed Oops: Enabled (32-bit)
 Heap Region Size: 1M
 Heap Min Capacity: 8M
 Heap Initial Capacity: 124M
 Heap Max Capacity: 2G
 Pre-touch: Disabled
 Parallel Workers: 8
 Concurrent Workers: 2
 Concurrent Refinement Workers: 8
 Periodic GC: Disabled
Heap:
 garbage-first heap   total 464896K, used 270966K [0x0000000080000000, 0x0000000100000000)
  region size 1024K, 3 young (3072K), 3 survivors (3072K)
 Metaspace       used 183004K, committed 185536K, reserved 1245184K
  class space    used 25050K, committed 26816K, reserved 1048576K
GC Heap History (20 events):
Event: 3496.886 GC heap after
{Heap after GC invocations=74 (full 0):
 garbage-first heap   total 464896K, used 261485K [0x0000000080000000, 0x0000000100000000)
  region size 1024K, 19 young (19456K), 19 survivors (19456K)
 Metaspace       used 181060K, committed 183872K, reserved 1245184K
  class space    used 25314K, committed 26688K, reserved 1048576K
}
Event: 3497.154 GC heap before
{Heap before GC invocations=74 (full 0):
 garbage-first heap   total 464896K, used 264557K [0x0000000080000000, 0x0000000100000000)
  region size 1024K, 22 young (22528K), 19 survivors (19456K)
 Metaspace       used 181119K, committed 183872K, reserved 1245184K
  class space    used 25324K, committed 26688K, reserved 1048576K
}
Event: 3497.212 GC heap after
{Heap after GC invocations=75 (full 0):
 garbage-first heap   total 464896K, used 264191K [0x0000000080000000, 0x0000000100000000)
  region size 1024K, 3 young (3072K), 3 survivors (3072K)
 Metaspace       used 181119K, committed 183872K, reserved 1245184K
  class space    used 25324K, committed 26688K, reserved 1048576K
}
Event: 3499.892 GC heap before
{Heap before GC invocations=75 (full 0):
 garbage-first heap   total 464896K, used 284671K [0x0000000080000000, 0x0000000100000000)
  region size 1024K, 24 young (24576K), 3 survivors (3072K)
 Metaspace       used 177663K, committed 184000K, reserved 1245184K
  class space    used 24481K, committed 26752K, reserved 1048576K
}
Event: 3499.902 GC heap after
{Heap after GC invocations=76 (full 0):
 garbage-first heap   total 464896K, used 266602K [0x0000000080000000, 0x0000000100000000)
  region size 1024K, 3 young (3072K), 3 survivors (3072K)
 Metaspace       used 177663K, committed 184000K, reserved 1245184K
  class space    used 24481K, committed 26752K, reserved 1048576K
}
Event: 3500.394 GC heap before
{Heap before GC invocations=77 (full 0):
 garbage-first heap   total 464896K, used 286058K [0x0000000080000000, 0x0000000100000000)
  region size 1024K, 22 young (22528K), 3 survivors (3072K)
 Metaspace       used 177792K, committed 184064K, reserved 1245184K
  class space    used 24489K, committed 26752K, reserved 1048576K
}
Event: 3500.405 GC heap after
{Heap after GC invocations=78 (full 0):
 garbage-first heap   total 464896K, used 270176K [0x0000000080000000, 0x0000000100000000)
  region size 1024K, 3 young (3072K), 3 survivors (3072K)
 Metaspace       used 177792K, committed 184064K, reserved 1245184K
  class space    used 24489K, committed 26752K, reserved 1048576K
}
Event: 3501.050 GC heap before
{Heap before GC invocations=78 (full 0):
 garbage-first heap   total 464896K, used 342880K [0x0000000080000000, 0x0000000100000000)
  region size 1024K, 74 young (75776K), 3 survivors (3072K)
 Metaspace       used 177816K, committed 184064K, reserved 1245184K
  class space    used 24489K, committed 26752K, reserved 1048576K
}
Event: 3501.062 GC heap after
{Heap after GC invocations=79 (full 0):
 garbage-first heap   total 464896K, used 266554K [0x0000000080000000, 0x0000000100000000)
  region size 1024K, 7 young (7168K), 7 survivors (7168K)
 Metaspace       used 177816K, committed 184064K, reserved 1245184K
  class space    used 24489K, committed 26752K, reserved 1048576K
}
Event: 3502.560 GC heap before
{Heap before GC invocations=79 (full 0):
 garbage-first heap   total 464896K, used 337210K [0x0000000080000000, 0x0000000100000000)
  region size 1024K, 75 young (76800K), 7 survivors (7168K)
 Metaspace       used 179349K, committed 184448K, reserved 1245184K
  class space    used 24659K, committed 26752K, reserved 1048576K
}
Event: 3502.605 GC heap after
{Heap after GC invocations=80 (full 0):
 garbage-first heap   total 464896K, used 278318K [0x0000000080000000, 0x0000000100000000)
  region size 1024K, 10 young (10240K), 10 survivors (10240K)
 Metaspace       used 179349K, committed 184448K, reserved 1245184K
  class space    used 24659K, committed 26752K, reserved 1048576K
}
Event: 3503.365 GC heap before
{Heap before GC invocations=80 (full 0):
 garbage-first heap   total 464896K, used 290606K [0x0000000080000000, 0x0000000100000000)
  region size 1024K, 22 young (22528K), 10 survivors (10240K)
 Metaspace       used 179783K, committed 184448K, reserved 1245184K
  class space    used 24700K, committed 26752K, reserved 1048576K
}
Event: 3503.425 GC heap after
{Heap after GC invocations=81 (full 0):
 garbage-first heap   total 464896K, used 276781K [0x0000000080000000, 0x0000000100000000)
  region size 1024K, 3 young (3072K), 3 survivors (3072K)
 Metaspace       used 179783K, committed 184448K, reserved 1245184K
  class space    used 24700K, committed 26752K, reserved 1048576K
}
Event: 3510.859 GC heap before
{Heap before GC invocations=81 (full 0):
 garbage-first heap   total 464896K, used 361773K [0x0000000080000000, 0x0000000100000000)
  region size 1024K, 74 young (75776K), 3 survivors (3072K)
 Metaspace       used 182478K, committed 185280K, reserved 1245184K
  class space    used 25005K, committed 26816K, reserved 1048576K
}
Event: 3511.035 GC heap after
{Heap after GC invocations=82 (full 0):
 garbage-first heap   total 464896K, used 275570K [0x0000000080000000, 0x0000000100000000)
  region size 1024K, 6 young (6144K), 6 survivors (6144K)
 Metaspace       used 182478K, committed 185280K, reserved 1245184K
  class space    used 25005K, committed 26816K, reserved 1048576K
}
Event: 3573.791 GC heap before
{Heap before GC invocations=82 (full 0):
 garbage-first heap   total 464896K, used 290930K [0x0000000080000000, 0x0000000100000000)
  region size 1024K, 22 young (22528K), 6 survivors (6144K)
 Metaspace       used 182721K, committed 185344K, reserved 1245184K
  class space    used 25039K, committed 26816K, reserved 1048576K
}
Event: 3574.201 GC heap after
{Heap after GC invocations=83 (full 0):
 garbage-first heap   total 464896K, used 273458K [0x0000000080000000, 0x0000000100000000)
  region size 1024K, 2 young (2048K), 2 survivors (2048K)
 Metaspace       used 182721K, committed 185344K, reserved 1245184K
  class space    used 25039K, committed 26816K, reserved 1048576K
}
Event: 3577.390 GC heap before
{Heap before GC invocations=83 (full 0):
 garbage-first heap   total 464896K, used 292914K [0x0000000080000000, 0x0000000100000000)
  region size 1024K, 22 young (22528K), 2 survivors (2048K)
 Metaspace       used 182823K, committed 185344K, reserved 1245184K
  class space    used 25049K, committed 26816K, reserved 1048576K
}
Event: 3577.572 GC heap after
{Heap after GC invocations=84 (full 0):
 garbage-first heap   total 464896K, used 270834K [0x0000000080000000, 0x0000000100000000)
  region size 1024K, 3 young (3072K), 3 survivors (3072K)
 Metaspace       used 182823K, committed 185344K, reserved 1245184K
  class space    used 25049K, committed 26816K, reserved 1048576K
}
Event: 3578.945 GC heap before
{Heap before GC invocations=84 (full 0):
 garbage-first heap   total 464896K, used 289266K [0x0000000080000000, 0x0000000100000000)
  region size 1024K, 22 young (22528K), 3 survivors (3072K)
 Metaspace       used 183004K, committed 185536K, reserved 1245184K
  class space    used 25050K, committed 26816K, reserved 1048576K
}

