# JRE version: OpenJDK Runtime Environment (21.0.8) (build 21.0.8+-14018985-b1038.68)
# Java VM: OpenJDK 64-Bit Server VM (21.0.8+-14018985-b1038.68, mixed mode, tiered, compressed oops, compressed class ptrs, g1 gc, windows-amd64)
GC Precious Log:
 CardTable entry size: 512
 Card Set container configuration: InlinePtr #cards 5 size 8 Array Of Cards #cards 12 size 40 Howl #buckets 4 coarsen threshold 1843 Howl Bitmap #cards 512 size 80 coarsen threshold 460 Card regions per heap region 1 cards per card region 2048
 CPUs: 8 total, 8 available
 Memory: 7916M
 Large Page Support: Disabled
 NUMA Support: Disabled
 Compressed Oops: Enabled (32-bit)
 Heap Region Size: 1M
 Heap Min Capacity: 8M
 Heap Initial Capacity: 124M
 Heap Max Capacity: 2G
 Pre-touch: Disabled
 Parallel Workers: 8
 Concurrent Workers: 2
 Concurrent Refinement Workers: 8
 Periodic GC: Disabled
Heap:
 garbage-first heap   total 285696K, used 207950K [0x0000000080000000, 0x0000000100000000)
  region size 1024K, 27 young (27648K), 11 survivors (11264K)
 Metaspace       used 152836K, committed 155136K, reserved 1245184K
  class space    used 20129K, committed 21184K, reserved 1048576K
GC Heap History (20 events):
Event: 58.916 GC heap before
{Heap before GC invocations=39 (full 0):
 garbage-first heap   total 229376K, used 210559K [0x0000000080000000, 0x0000000100000000)
  region size 1024K, 74 young (75776K), 4 survivors (4096K)
 Metaspace       used 124322K, committed 126528K, reserved 1179648K
  class space    used 17117K, committed 18176K, reserved 1048576K
}
Event: 58.927 GC heap after
{Heap after GC invocations=40 (full 0):
 garbage-first heap   total 229376K, used 141030K [0x0000000080000000, 0x0000000100000000)
  region size 1024K, 8 young (8192K), 8 survivors (8192K)
 Metaspace       used 124322K, committed 126528K, reserved 1179648K
  class space    used 17117K, committed 18176K, reserved 1048576K
}
Event: 59.589 GC heap before
{Heap before GC invocations=40 (full 0):
 garbage-first heap   total 229376K, used 169702K [0x0000000080000000, 0x0000000100000000)
  region size 1024K, 37 young (37888K), 8 survivors (8192K)
 Metaspace       used 128053K, committed 130176K, reserved 1179648K
  class space    used 17624K, committed 18624K, reserved 1048576K
}
Event: 59.600 GC heap after
{Heap after GC invocations=41 (full 0):
 garbage-first heap   total 229376K, used 143120K [0x0000000080000000, 0x0000000100000000)
  region size 1024K, 6 young (6144K), 6 survivors (6144K)
 Metaspace       used 128053K, committed 130176K, reserved 1179648K
  class space    used 17624K, committed 18624K, reserved 1048576K
}
Event: 61.147 GC heap before
{Heap before GC invocations=42 (full 0):
 garbage-first heap   total 242688K, used 209680K [0x0000000080000000, 0x0000000100000000)
  region size 1024K, 70 young (71680K), 6 survivors (6144K)
 Metaspace       used 131307K, committed 133504K, reserved 1179648K
  class space    used 17984K, committed 19008K, reserved 1048576K
}
Event: 61.163 GC heap after
{Heap after GC invocations=43 (full 0):
 garbage-first heap   total 242688K, used 147067K [0x0000000080000000, 0x0000000100000000)
  region size 1024K, 6 young (6144K), 6 survivors (6144K)
 Metaspace       used 131307K, committed 133504K, reserved 1179648K
  class space    used 17984K, committed 19008K, reserved 1048576K
}
Event: 67.637 GC heap before
{Heap before GC invocations=43 (full 0):
 garbage-first heap   total 242688K, used 221819K [0x0000000080000000, 0x0000000100000000)
  region size 1024K, 80 young (81920K), 6 survivors (6144K)
 Metaspace       used 141253K, committed 143488K, reserved 1179648K
  class space    used 19122K, committed 20160K, reserved 1048576K
}
Event: 67.653 GC heap after
{Heap after GC invocations=44 (full 0):
 garbage-first heap   total 242688K, used 151142K [0x0000000080000000, 0x0000000100000000)
  region size 1024K, 10 young (10240K), 10 survivors (10240K)
 Metaspace       used 141253K, committed 143488K, reserved 1179648K
  class space    used 19122K, committed 20160K, reserved 1048576K
}
Event: 73.379 GC heap before
{Heap before GC invocations=44 (full 0):
 garbage-first heap   total 242688K, used 216678K [0x0000000080000000, 0x0000000100000000)
  region size 1024K, 75 young (76800K), 10 survivors (10240K)
 Metaspace       used 151160K, committed 153408K, reserved 1245184K
  class space    used 20077K, committed 21120K, reserved 1048576K
}
Event: 73.392 GC heap after
{Heap after GC invocations=45 (full 0):
 garbage-first heap   total 242688K, used 153942K [0x0000000080000000, 0x0000000100000000)
  region size 1024K, 8 young (8192K), 8 survivors (8192K)
 Metaspace       used 151160K, committed 153408K, reserved 1245184K
  class space    used 20077K, committed 21120K, reserved 1048576K
}
Event: 74.930 GC heap before
{Heap before GC invocations=46 (full 0):
 garbage-first heap   total 258048K, used 218454K [0x0000000080000000, 0x0000000100000000)
  region size 1024K, 72 young (73728K), 8 survivors (8192K)
 Metaspace       used 151836K, committed 154112K, reserved 1245184K
  class space    used 20104K, committed 21184K, reserved 1048576K
}
Event: 74.945 GC heap after
{Heap after GC invocations=47 (full 0):
 garbage-first heap   total 258048K, used 159545K [0x0000000080000000, 0x0000000100000000)
  region size 1024K, 9 young (9216K), 9 survivors (9216K)
 Metaspace       used 151836K, committed 154112K, reserved 1245184K
  class space    used 20104K, committed 21184K, reserved 1048576K
}
Event: 75.815 GC heap before
{Heap before GC invocations=47 (full 0):
 garbage-first heap   total 258048K, used 232249K [0x0000000080000000, 0x0000000100000000)
  region size 1024K, 81 young (82944K), 9 survivors (9216K)
 Metaspace       used 151865K, committed 154112K, reserved 1245184K
  class space    used 20105K, committed 21184K, reserved 1048576K
}
Event: 75.829 GC heap after
{Heap after GC invocations=48 (full 0):
 garbage-first heap   total 258048K, used 160329K [0x0000000080000000, 0x0000000100000000)
  region size 1024K, 7 young (7168K), 7 survivors (7168K)
 Metaspace       used 151865K, committed 154112K, reserved 1245184K
  class space    used 20105K, committed 21184K, reserved 1048576K
}
Event: 76.497 GC heap before
{Heap before GC invocations=48 (full 0):
 garbage-first heap   total 258048K, used 190025K [0x0000000080000000, 0x0000000100000000)
  region size 1024K, 37 young (37888K), 7 survivors (7168K)
 Metaspace       used 152015K, committed 154240K, reserved 1245184K
  class space    used 20127K, committed 21184K, reserved 1048576K
}
Event: 76.506 GC heap after
{Heap after GC invocations=49 (full 0):
 garbage-first heap   total 258048K, used 161957K [0x0000000080000000, 0x0000000100000000)
  region size 1024K, 6 young (6144K), 6 survivors (6144K)
 Metaspace       used 152015K, committed 154240K, reserved 1245184K
  class space    used 20127K, committed 21184K, reserved 1048576K
}
Event: 78.581 GC heap before
{Heap before GC invocations=50 (full 0):
 garbage-first heap   total 275456K, used 255141K [0x0000000080000000, 0x0000000100000000)
  region size 1024K, 79 young (80896K), 6 survivors (6144K)
 Metaspace       used 152083K, committed 154304K, reserved 1245184K
  class space    used 20127K, committed 21184K, reserved 1048576K
}
Event: 78.611 GC heap after
{Heap after GC invocations=51 (full 0):
 garbage-first heap   total 279552K, used 178658K [0x0000000080000000, 0x0000000100000000)
  region size 1024K, 10 young (10240K), 10 survivors (10240K)
 Metaspace       used 152083K, committed 154304K, reserved 1245184K
  class space    used 20127K, committed 21184K, reserved 1048576K
}
Event: 81.364 GC heap before
{Heap before GC invocations=51 (full 0):
 garbage-first heap   total 279552K, used 261602K [0x0000000080000000, 0x0000000100000000)
  region size 1024K, 81 young (82944K), 10 survivors (10240K)
 Metaspace       used 152320K, committed 154560K, reserved 1245184K
  class space    used 20128K, committed 21184K, reserved 1048576K
}
Event: 81.388 GC heap after
{Heap after GC invocations=52 (full 0):
 garbage-first heap   total 285696K, used 192590K [0x0000000080000000, 0x0000000100000000)
  region size 1024K, 11 young (11264K), 11 survivors (11264K)
 Metaspace       used 152320K, committed 154560K, reserved 1245184K
  class space    used 20128K, committed 21184K, reserved 1048576K
}

